================================================================
== Design Size Report
================================================================

* Total Instructions per Compilation Phase
+---------------+-----------------------------+--------------+----------------------------------------------------------------------------------------+
| Phase         | Step                        | Instructions | Description                                                                            |
+---------------+-----------------------------+--------------+----------------------------------------------------------------------------------------+
| Compile/Link  |                             |   139        | After all functions are compiled and linked into a single design                       |
|               |                             |              |                                                                                        |
| Unroll/Inline |                             |              | After user unroll and inline pragmas are applied                                       |
|               | (1) unroll                  |   404        | user unroll pragmas are applied                                                        |
|               | (2) simplification          |   326        | simplification of applied user unroll pragmas                                          |
|               | (3) inline                  |   288        | user inline pragmas are applied                                                        |
|               | (4) simplification          |   288        | simplification of applied user inline pragmas                                          |
|               |                             |              |                                                                                        |
| Array/Struct  |                             |              | After user array partition and struct aggregate/disaggregate pragmas are applied       |
|               | (1) array partition         | 8,829        | user array partition pragmas are applied                                               |
|               | (2) simplification          | 1,739        | simplification of applied user array partition & struct aggregate/disaggregate pragmas |
|               | (3) aggregate/disaggregate  | 1,739        | user struct aggregate/disaggregate pragmas are applied                                 |
|               | (4) array reshape           | 1,745        | apply array reshape pragmas                                                            |
|               | (5) access patterns         | 1,745        | array access pattern optmizations                                                      |
|               |                             |              |                                                                                        |
| Performance   |                             |              | After transformations are applied to meet performance pragma targets                   |
|               | (1) loop simplification     | 1,739        | loop and instruction simplification                                                    |
|               | (2) parallelization         | 1,739        | loops are unrolled or pipelined to meet performance targets                            |
|               | (3) array partition         | 1,739        | arrays are partitioned to meet performance targets                                     |
|               | (4) simplification          | 1,739        | simplification of design after performance transformations                             |
|               |                             |              |                                                                                        |
| HW Transforms |                             |              | After hardware transfomations                                                          |
|               | (1) lowering                | 1,751        | initial conversion to HW specific instructions                                         |
|               | (2) optimizations           | 1,766        | high level synthesis optimizations                                                     |
+---------------+-----------------------------+--------------+----------------------------------------------------------------------------------------+

* Instructions per Function for each Compilation Phase
+----------+--------------+--------------+---------------+--------------+-------------+---------------+
| Function | Location     | Compile/Link | Unroll/Inline | Array/Struct | Performance | HW Transforms |
+----------+--------------+--------------+---------------+--------------+-------------+---------------+
|   mmult  | mmult.cpp:15 | 139          | 288           | 1,745        | 1,739       | 1,766         |
+----------+--------------+--------------+---------------+--------------+-------------+---------------+

* Design Size Message Settings
+---------------------------------------------+--------+------------------------------------------------------------------+
| Message Setting                             | Value  | Description                                                      |
+---------------------------------------------+--------+------------------------------------------------------------------+
| config_compile -design_size_maximum_warning | 100000 | Show a warning when total design instructions exceeds this value |
+---------------------------------------------+--------+------------------------------------------------------------------+


