

================================================================
== Vitis HLS Report for 'mmult_Pipeline_BREAK'
================================================================
* Date:           Mon May  6 20:55:39 2024

* Version:        2023.2 (Build 4023990 on Oct 11 2023)
* Project:        block_mult
* Solution:       sol_blk_mult (Vivado IP Flow Target)
* Product family: zynq
* Target device:  xc7z020i-clg400-1L


================================================================
== Performance Estimates
================================================================
+ Timing: 
    * Summary: 
    +--------+----------+----------+------------+
    |  Clock |  Target  | Estimated| Uncertainty|
    +--------+----------+----------+------------+
    |ap_clk  |  10.00 ns|  7.256 ns|     2.70 ns|
    +--------+----------+----------+------------+

+ Latency: 
    * Summary: 
    +---------+---------+----------+----------+-----+-----+---------+
    |  Latency (cycles) |  Latency (absolute) |  Interval | Pipeline|
    |   min   |   max   |    min   |    max   | min | max |   Type  |
    +---------+---------+----------+----------+-----+-----+---------+
    |      170|      170|  1.700 us|  1.700 us|  170|  170|       no|
    +---------+---------+----------+----------+-----+-----+---------+

    + Detail: 
        * Instance: 
        N/A

        * Loop: 
        +----------+---------+---------+----------+-----------+-----------+------+----------+
        |          |  Latency (cycles) | Iteration|  Initiation Interval  | Trip |          |
        | Loop Name|   min   |   max   |  Latency |  achieved |   target  | Count| Pipelined|
        +----------+---------+---------+----------+-----------+-----------+------+----------+
        |- BREAK   |      168|      168|       166|          1|          1|     4|       yes|
        +----------+---------+---------+----------+-----------+-----------+------+----------+



================================================================
== Utilization Estimates
================================================================
* Summary: 
+-----------------+---------+-----+--------+-------+-----+
|       Name      | BRAM_18K| DSP |   FF   |  LUT  | URAM|
+-----------------+---------+-----+--------+-------+-----+
|DSP              |        -|    -|       -|      -|    -|
|Expression       |        -|    -|       0|   1256|    -|
|FIFO             |        -|    -|       -|      -|    -|
|Instance         |        -|  158|   10931|  23642|    -|
|Memory           |        -|    -|       -|      -|    -|
|Multiplexer      |        -|    -|       -|     45|    -|
|Register         |        -|    -|    4755|     96|    -|
+-----------------+---------+-----+--------+-------+-----+
|Total            |        0|  158|   15686|  25039|    0|
+-----------------+---------+-----+--------+-------+-----+
|Available        |      280|  220|  106400|  53200|    0|
+-----------------+---------+-----+--------+-------+-----+
|Utilization (%)  |        0|   71|      14|     47|    0|
+-----------------+---------+-----+--------+-------+-----+

+ Detail: 
    * Instance: 
    +-------------------------------------+--------------------------------+---------+----+-----+-----+-----+
    |               Instance              |             Module             | BRAM_18K| DSP|  FF | LUT | URAM|
    +-------------------------------------+--------------------------------+---------+----+-----+-----+-----+
    |fadd_32ns_32ns_32_5_full_dsp_1_U134  |fadd_32ns_32ns_32_5_full_dsp_1  |        0|   2|  205|  390|    0|
    |fadd_32ns_32ns_32_5_full_dsp_1_U135  |fadd_32ns_32ns_32_5_full_dsp_1  |        0|   2|  205|  390|    0|
    |fadd_32ns_32ns_32_5_full_dsp_1_U136  |fadd_32ns_32ns_32_5_full_dsp_1  |        0|   2|  205|  390|    0|
    |fadd_32ns_32ns_32_5_full_dsp_1_U137  |fadd_32ns_32ns_32_5_full_dsp_1  |        0|   2|  205|  390|    0|
    |fadd_32ns_32ns_32_5_full_dsp_1_U138  |fadd_32ns_32ns_32_5_full_dsp_1  |        0|   2|  205|  390|    0|
    |fadd_32ns_32ns_32_5_full_dsp_1_U139  |fadd_32ns_32ns_32_5_full_dsp_1  |        0|   2|  205|  390|    0|
    |fadd_32ns_32ns_32_5_full_dsp_1_U140  |fadd_32ns_32ns_32_5_full_dsp_1  |        0|   2|  205|  390|    0|
    |fadd_32ns_32ns_32_5_full_dsp_1_U141  |fadd_32ns_32ns_32_5_full_dsp_1  |        0|   2|  205|  390|    0|
    |fadd_32ns_32ns_32_5_full_dsp_1_U142  |fadd_32ns_32ns_32_5_full_dsp_1  |        0|   2|  205|  390|    0|
    |fadd_32ns_32ns_32_5_full_dsp_1_U143  |fadd_32ns_32ns_32_5_full_dsp_1  |        0|   2|  205|  390|    0|
    |fadd_32ns_32ns_32_5_full_dsp_1_U144  |fadd_32ns_32ns_32_5_full_dsp_1  |        0|   2|  205|  390|    0|
    |fadd_32ns_32ns_32_5_full_dsp_1_U145  |fadd_32ns_32ns_32_5_full_dsp_1  |        0|   2|  205|  390|    0|
    |fadd_32ns_32ns_32_5_full_dsp_1_U146  |fadd_32ns_32ns_32_5_full_dsp_1  |        0|   2|  205|  390|    0|
    |fadd_32ns_32ns_32_5_full_dsp_1_U147  |fadd_32ns_32ns_32_5_full_dsp_1  |        0|   2|  205|  390|    0|
    |fadd_32ns_32ns_32_5_full_dsp_1_U148  |fadd_32ns_32ns_32_5_full_dsp_1  |        0|   2|  205|  390|    0|
    |fadd_32ns_32ns_32_5_full_dsp_1_U149  |fadd_32ns_32ns_32_5_full_dsp_1  |        0|   2|  205|  390|    0|
    |fadd_32ns_32ns_32_5_full_dsp_1_U150  |fadd_32ns_32ns_32_5_full_dsp_1  |        0|   2|  205|  390|    0|
    |fadd_32ns_32ns_32_5_full_dsp_1_U151  |fadd_32ns_32ns_32_5_full_dsp_1  |        0|   2|  205|  390|    0|
    |fadd_32ns_32ns_32_5_full_dsp_1_U152  |fadd_32ns_32ns_32_5_full_dsp_1  |        0|   2|  205|  390|    0|
    |fadd_32ns_32ns_32_5_full_dsp_1_U153  |fadd_32ns_32ns_32_5_full_dsp_1  |        0|   2|  205|  390|    0|
    |fadd_32ns_32ns_32_5_full_dsp_1_U154  |fadd_32ns_32ns_32_5_full_dsp_1  |        0|   2|  205|  390|    0|
    |fadd_32ns_32ns_32_5_full_dsp_1_U155  |fadd_32ns_32ns_32_5_full_dsp_1  |        0|   2|  205|  390|    0|
    |fadd_32ns_32ns_32_5_full_dsp_1_U156  |fadd_32ns_32ns_32_5_full_dsp_1  |        0|   2|  205|  390|    0|
    |fadd_32ns_32ns_32_5_full_dsp_1_U157  |fadd_32ns_32ns_32_5_full_dsp_1  |        0|   2|  205|  390|    0|
    |fadd_32ns_32ns_32_5_full_dsp_1_U158  |fadd_32ns_32ns_32_5_full_dsp_1  |        0|   2|  205|  390|    0|
    |fadd_32ns_32ns_32_5_full_dsp_1_U159  |fadd_32ns_32ns_32_5_full_dsp_1  |        0|   2|  205|  390|    0|
    |fadd_32ns_32ns_32_5_full_dsp_1_U160  |fadd_32ns_32ns_32_5_full_dsp_1  |        0|   2|  205|  390|    0|
    |fadd_32ns_32ns_32_5_full_dsp_1_U161  |fadd_32ns_32ns_32_5_full_dsp_1  |        0|   2|  205|  390|    0|
    |fadd_32ns_32ns_32_5_full_dsp_1_U162  |fadd_32ns_32ns_32_5_full_dsp_1  |        0|   2|  205|  390|    0|
    |fadd_32ns_32ns_32_5_full_dsp_1_U163  |fadd_32ns_32ns_32_5_full_dsp_1  |        0|   2|  205|  390|    0|
    |fadd_32ns_32ns_32_5_full_dsp_1_U164  |fadd_32ns_32ns_32_5_full_dsp_1  |        0|   2|  205|  390|    0|
    |fmul_32ns_32ns_32_4_max_dsp_1_U165   |fmul_32ns_32ns_32_4_max_dsp_1   |        0|   3|  143|  321|    0|
    |fmul_32ns_32ns_32_4_max_dsp_1_U166   |fmul_32ns_32ns_32_4_max_dsp_1   |        0|   3|  143|  321|    0|
    |fmul_32ns_32ns_32_4_max_dsp_1_U167   |fmul_32ns_32ns_32_4_max_dsp_1   |        0|   3|  143|  321|    0|
    |fmul_32ns_32ns_32_4_max_dsp_1_U168   |fmul_32ns_32ns_32_4_max_dsp_1   |        0|   3|  143|  321|    0|
    |fmul_32ns_32ns_32_4_max_dsp_1_U169   |fmul_32ns_32ns_32_4_max_dsp_1   |        0|   3|  143|  321|    0|
    |fmul_32ns_32ns_32_4_max_dsp_1_U170   |fmul_32ns_32ns_32_4_max_dsp_1   |        0|   3|  143|  321|    0|
    |fmul_32ns_32ns_32_4_max_dsp_1_U171   |fmul_32ns_32ns_32_4_max_dsp_1   |        0|   3|  143|  321|    0|
    |fmul_32ns_32ns_32_4_max_dsp_1_U172   |fmul_32ns_32ns_32_4_max_dsp_1   |        0|   3|  143|  321|    0|
    |fmul_32ns_32ns_32_4_max_dsp_1_U173   |fmul_32ns_32ns_32_4_max_dsp_1   |        0|   3|  143|  321|    0|
    |fmul_32ns_32ns_32_4_max_dsp_1_U174   |fmul_32ns_32ns_32_4_max_dsp_1   |        0|   3|  143|  321|    0|
    |fmul_32ns_32ns_32_4_max_dsp_1_U175   |fmul_32ns_32ns_32_4_max_dsp_1   |        0|   3|  143|  321|    0|
    |fmul_32ns_32ns_32_4_max_dsp_1_U176   |fmul_32ns_32ns_32_4_max_dsp_1   |        0|   3|  143|  321|    0|
    |fmul_32ns_32ns_32_4_max_dsp_1_U177   |fmul_32ns_32ns_32_4_max_dsp_1   |        0|   3|  143|  321|    0|
    |fmul_32ns_32ns_32_4_max_dsp_1_U178   |fmul_32ns_32ns_32_4_max_dsp_1   |        0|   3|  143|  321|    0|
    |fmul_32ns_32ns_32_4_max_dsp_1_U179   |fmul_32ns_32ns_32_4_max_dsp_1   |        0|   3|  143|  321|    0|
    |fmul_32ns_32ns_32_4_max_dsp_1_U180   |fmul_32ns_32ns_32_4_max_dsp_1   |        0|   3|  143|  321|    0|
    |fmul_32ns_32ns_32_4_max_dsp_1_U181   |fmul_32ns_32ns_32_4_max_dsp_1   |        0|   3|  143|  321|    0|
    |fmul_32ns_32ns_32_4_max_dsp_1_U182   |fmul_32ns_32ns_32_4_max_dsp_1   |        0|   3|  143|  321|    0|
    |fmul_32ns_32ns_32_4_max_dsp_1_U183   |fmul_32ns_32ns_32_4_max_dsp_1   |        0|   3|  143|  321|    0|
    |fmul_32ns_32ns_32_4_max_dsp_1_U184   |fmul_32ns_32ns_32_4_max_dsp_1   |        0|   3|  143|  321|    0|
    |fmul_32ns_32ns_32_4_max_dsp_1_U185   |fmul_32ns_32ns_32_4_max_dsp_1   |        0|   3|  143|  321|    0|
    |fmul_32ns_32ns_32_4_max_dsp_1_U186   |fmul_32ns_32ns_32_4_max_dsp_1   |        0|   3|  143|  321|    0|
    |fmul_32ns_32ns_32_4_max_dsp_1_U187   |fmul_32ns_32ns_32_4_max_dsp_1   |        0|   3|  143|  321|    0|
    |fmul_32ns_32ns_32_4_max_dsp_1_U188   |fmul_32ns_32ns_32_4_max_dsp_1   |        0|   3|  143|  321|    0|
    |fmul_32ns_32ns_32_4_max_dsp_1_U189   |fmul_32ns_32ns_32_4_max_dsp_1   |        0|   3|  143|  321|    0|
    |fmul_32ns_32ns_32_4_max_dsp_1_U190   |fmul_32ns_32ns_32_4_max_dsp_1   |        0|   3|  143|  321|    0|
    |fmul_32ns_32ns_32_4_max_dsp_1_U191   |fmul_32ns_32ns_32_4_max_dsp_1   |        0|   3|  143|  321|    0|
    |fmul_32ns_32ns_32_4_max_dsp_1_U192   |fmul_32ns_32ns_32_4_max_dsp_1   |        0|   3|  143|  321|    0|
    |fmul_32ns_32ns_32_4_max_dsp_1_U193   |fmul_32ns_32ns_32_4_max_dsp_1   |        0|   3|  143|  321|    0|
    |fmul_32ns_32ns_32_4_max_dsp_1_U194   |fmul_32ns_32ns_32_4_max_dsp_1   |        0|   3|  143|  321|    0|
    |fmul_32ns_32ns_32_4_max_dsp_1_U195   |fmul_32ns_32ns_32_4_max_dsp_1   |        0|   3|  143|  321|    0|
    |fmul_32ns_32ns_32_4_max_dsp_1_U196   |fmul_32ns_32ns_32_4_max_dsp_1   |        0|   3|  143|  321|    0|
    |sparsemux_9_6_32_1_1_U197            |sparsemux_9_6_32_1_1            |        0|   0|    0|   20|    0|
    |sparsemux_9_6_32_1_1_U198            |sparsemux_9_6_32_1_1            |        0|   0|    0|   20|    0|
    |sparsemux_9_6_32_1_1_U199            |sparsemux_9_6_32_1_1            |        0|   0|    0|   20|    0|
    |sparsemux_9_6_32_1_1_U200            |sparsemux_9_6_32_1_1            |        0|   0|    0|   20|    0|
    |sparsemux_9_6_32_1_1_U201            |sparsemux_9_6_32_1_1            |        0|   0|    0|   20|    0|
    |sparsemux_9_6_32_1_1_U202            |sparsemux_9_6_32_1_1            |        0|   0|    0|   20|    0|
    |sparsemux_9_6_32_1_1_U203            |sparsemux_9_6_32_1_1            |        0|   0|    0|   20|    0|
    |sparsemux_9_6_32_1_1_U204            |sparsemux_9_6_32_1_1            |        0|   0|    0|   20|    0|
    |sparsemux_9_6_32_1_1_U205            |sparsemux_9_6_32_1_1            |        0|   0|    0|   20|    0|
    |sparsemux_9_6_32_1_1_U206            |sparsemux_9_6_32_1_1            |        0|   0|    0|   20|    0|
    |sparsemux_9_6_32_1_1_U207            |sparsemux_9_6_32_1_1            |        0|   0|    0|   20|    0|
    |sparsemux_9_6_32_1_1_U208            |sparsemux_9_6_32_1_1            |        0|   0|    0|   20|    0|
    |sparsemux_9_6_32_1_1_U209            |sparsemux_9_6_32_1_1            |        0|   0|    0|   20|    0|
    |sparsemux_9_6_32_1_1_U210            |sparsemux_9_6_32_1_1            |        0|   0|    0|   20|    0|
    |sparsemux_9_6_32_1_1_U211            |sparsemux_9_6_32_1_1            |        0|   0|    0|   20|    0|
    |sparsemux_9_6_32_1_1_U212            |sparsemux_9_6_32_1_1            |        0|   0|    0|   20|    0|
    |sparsemux_9_6_32_1_1_U213            |sparsemux_9_6_32_1_1            |        0|   0|    0|   20|    0|
    |sparsemux_9_6_32_1_1_U214            |sparsemux_9_6_32_1_1            |        0|   0|    0|   20|    0|
    |sparsemux_9_6_32_1_1_U215            |sparsemux_9_6_32_1_1            |        0|   0|    0|   20|    0|
    |sparsemux_9_6_32_1_1_U216            |sparsemux_9_6_32_1_1            |        0|   0|    0|   20|    0|
    |sparsemux_9_6_32_1_1_U217            |sparsemux_9_6_32_1_1            |        0|   0|    0|   20|    0|
    |sparsemux_9_6_32_1_1_U218            |sparsemux_9_6_32_1_1            |        0|   0|    0|   20|    0|
    |sparsemux_9_6_32_1_1_U219            |sparsemux_9_6_32_1_1            |        0|   0|    0|   20|    0|
    |sparsemux_9_6_32_1_1_U220            |sparsemux_9_6_32_1_1            |        0|   0|    0|   20|    0|
    |sparsemux_9_6_32_1_1_U221            |sparsemux_9_6_32_1_1            |        0|   0|    0|   20|    0|
    |sparsemux_9_6_32_1_1_U222            |sparsemux_9_6_32_1_1            |        0|   0|    0|   20|    0|
    |sparsemux_9_6_32_1_1_U223            |sparsemux_9_6_32_1_1            |        0|   0|    0|   20|    0|
    |sparsemux_9_6_32_1_1_U224            |sparsemux_9_6_32_1_1            |        0|   0|    0|   20|    0|
    |sparsemux_9_6_32_1_1_U225            |sparsemux_9_6_32_1_1            |        0|   0|    0|   20|    0|
    |sparsemux_9_6_32_1_1_U226            |sparsemux_9_6_32_1_1            |        0|   0|    0|   20|    0|
    |sparsemux_9_6_32_1_1_U227            |sparsemux_9_6_32_1_1            |        0|   0|    0|   20|    0|
    |sparsemux_9_6_32_1_1_U228            |sparsemux_9_6_32_1_1            |        0|   0|    0|   20|    0|
    |sparsemux_9_6_32_1_1_U229            |sparsemux_9_6_32_1_1            |        0|   0|    0|   20|    0|
    |sparsemux_9_6_32_1_1_U230            |sparsemux_9_6_32_1_1            |        0|   0|    0|   20|    0|
    |sparsemux_9_6_32_1_1_U231            |sparsemux_9_6_32_1_1            |        0|   0|    0|   20|    0|
    |sparsemux_9_6_32_1_1_U232            |sparsemux_9_6_32_1_1            |        0|   0|    0|   20|    0|
    |sparsemux_9_6_32_1_1_U233            |sparsemux_9_6_32_1_1            |        0|   0|    0|   20|    0|
    |sparsemux_9_6_32_1_1_U234            |sparsemux_9_6_32_1_1            |        0|   0|    0|   20|    0|
    |sparsemux_9_6_32_1_1_U235            |sparsemux_9_6_32_1_1            |        0|   0|    0|   20|    0|
    |sparsemux_9_6_32_1_1_U236            |sparsemux_9_6_32_1_1            |        0|   0|    0|   20|    0|
    |sparsemux_9_6_32_1_1_U237            |sparsemux_9_6_32_1_1            |        0|   0|    0|   20|    0|
    |sparsemux_9_6_32_1_1_U238            |sparsemux_9_6_32_1_1            |        0|   0|    0|   20|    0|
    |sparsemux_9_6_32_1_1_U239            |sparsemux_9_6_32_1_1            |        0|   0|    0|   20|    0|
    |sparsemux_9_6_32_1_1_U240            |sparsemux_9_6_32_1_1            |        0|   0|    0|   20|    0|
    |sparsemux_9_6_32_1_1_U241            |sparsemux_9_6_32_1_1            |        0|   0|    0|   20|    0|
    |sparsemux_9_6_32_1_1_U242            |sparsemux_9_6_32_1_1            |        0|   0|    0|   20|    0|
    |sparsemux_9_6_32_1_1_U243            |sparsemux_9_6_32_1_1            |        0|   0|    0|   20|    0|
    |sparsemux_9_6_32_1_1_U244            |sparsemux_9_6_32_1_1            |        0|   0|    0|   20|    0|
    |sparsemux_9_6_32_1_1_U245            |sparsemux_9_6_32_1_1            |        0|   0|    0|   20|    0|
    |sparsemux_9_6_32_1_1_U246            |sparsemux_9_6_32_1_1            |        0|   0|    0|   20|    0|
    |sparsemux_9_6_32_1_1_U247            |sparsemux_9_6_32_1_1            |        0|   0|    0|   20|    0|
    |sparsemux_9_6_32_1_1_U248            |sparsemux_9_6_32_1_1            |        0|   0|    0|   20|    0|
    |sparsemux_9_6_32_1_1_U249            |sparsemux_9_6_32_1_1            |        0|   0|    0|   20|    0|
    |sparsemux_9_6_32_1_1_U250            |sparsemux_9_6_32_1_1            |        0|   0|    0|   20|    0|
    |sparsemux_9_6_32_1_1_U251            |sparsemux_9_6_32_1_1            |        0|   0|    0|   20|    0|
    |sparsemux_9_6_32_1_1_U252            |sparsemux_9_6_32_1_1            |        0|   0|    0|   20|    0|
    |sparsemux_9_6_32_1_1_U253            |sparsemux_9_6_32_1_1            |        0|   0|    0|   20|    0|
    |sparsemux_9_6_32_1_1_U254            |sparsemux_9_6_32_1_1            |        0|   0|    0|   20|    0|
    |sparsemux_9_6_32_1_1_U255            |sparsemux_9_6_32_1_1            |        0|   0|    0|   20|    0|
    |sparsemux_9_6_32_1_1_U256            |sparsemux_9_6_32_1_1            |        0|   0|    0|   20|    0|
    |sparsemux_9_6_32_1_1_U257            |sparsemux_9_6_32_1_1            |        0|   0|    0|   20|    0|
    |sparsemux_9_6_32_1_1_U258            |sparsemux_9_6_32_1_1            |        0|   0|    0|   20|    0|
    |sparsemux_9_6_32_1_1_U259            |sparsemux_9_6_32_1_1            |        0|   0|    0|   20|    0|
    |sparsemux_9_6_32_1_1_U260            |sparsemux_9_6_32_1_1            |        0|   0|    0|   20|    0|
    +-------------------------------------+--------------------------------+---------+----+-----+-----+-----+
    |Total                                |                                |        0| 158|10931|23642|    0|
    +-------------------------------------+--------------------------------+---------+----+-----+-----+-----+

    * DSP: 
    N/A

    * Memory: 
    N/A

    * FIFO: 
    N/A

    * Expression: 
    +-------------------------+----------+----+---+-----+------------+------------+
    |      Variable Name      | Operation| DSP| FF| LUT | Bitwidth P0| Bitwidth P1|
    +-------------------------+----------+----+---+-----+------------+------------+
    |add_ln52_fu_2405_p2      |         +|   0|  0|   11|           3|           1|
    |and_ln58_fu_3683_p2      |       and|   0|  0|  128|         128|         128|
    |icmp_ln52_fu_2399_p2     |      icmp|   0|  0|   13|           3|           4|
    |result_buf_2_fu_3699_p2  |        or|   0|  0|  128|         128|         128|
    |shl_ln58_1_fu_3693_p2    |       shl|   0|  0|  423|         128|         128|
    |shl_ln58_fu_3671_p2      |       shl|   0|  0|  423|          32|         128|
    |ap_enable_pp0            |       xor|   0|  0|    2|           1|           2|
    |xor_ln58_fu_3677_p2      |       xor|   0|  0|  128|         128|           2|
    +-------------------------+----------+----+---+-----+------------+------------+
    |Total                    |          |   0|  0| 1256|         551|         521|
    +-------------------------+----------+----+---+-----+------------+------------+

    * Multiplexer: 
    +-------------------------+----+-----------+-----+-----------+
    |           Name          | LUT| Input Size| Bits| Total Bits|
    +-------------------------+----+-----------+-----+-----------+
    |ap_done_int              |   9|          2|    1|          2|
    |ap_enable_reg_pp0_iter1  |   9|          2|    1|          2|
    |ap_sig_allocacmp_kb_1    |   9|          2|    3|          6|
    |kb_fu_572                |   9|          2|    3|          6|
    |result_buf_1_fu_576      |   9|          2|  128|        256|
    +-------------------------+----+-----------+-----+-----------+
    |Total                    |  45|         10|  136|        272|
    +-------------------------+----+-----------+-----+-----------+

    * Register: 
    +------------------------------------+-----+----+-----+-----------+
    |                Name                |  FF | LUT| Bits| Const Bits|
    +------------------------------------+-----+----+-----+-----------+
    |add55_10_reg_5289                   |   32|   0|   32|          0|
    |add55_11_reg_5309                   |   32|   0|   32|          0|
    |add55_12_reg_5329                   |   32|   0|   32|          0|
    |add55_13_reg_5349                   |   32|   0|   32|          0|
    |add55_14_reg_5369                   |   32|   0|   32|          0|
    |add55_15_reg_5389                   |   32|   0|   32|          0|
    |add55_16_reg_5409                   |   32|   0|   32|          0|
    |add55_17_reg_5429                   |   32|   0|   32|          0|
    |add55_18_reg_5449                   |   32|   0|   32|          0|
    |add55_19_reg_5469                   |   32|   0|   32|          0|
    |add55_1_reg_5089                    |   32|   0|   32|          0|
    |add55_20_reg_5489                   |   32|   0|   32|          0|
    |add55_21_reg_5509                   |   32|   0|   32|          0|
    |add55_22_reg_5529                   |   32|   0|   32|          0|
    |add55_23_reg_5549                   |   32|   0|   32|          0|
    |add55_24_reg_5569                   |   32|   0|   32|          0|
    |add55_25_reg_5589                   |   32|   0|   32|          0|
    |add55_26_reg_5609                   |   32|   0|   32|          0|
    |add55_27_reg_5629                   |   32|   0|   32|          0|
    |add55_28_reg_5649                   |   32|   0|   32|          0|
    |add55_29_reg_5669                   |   32|   0|   32|          0|
    |add55_2_reg_5109                    |   32|   0|   32|          0|
    |add55_30_reg_5679                   |   32|   0|   32|          0|
    |add55_3_reg_5129                    |   32|   0|   32|          0|
    |add55_4_reg_5149                    |   32|   0|   32|          0|
    |add55_5_reg_5169                    |   32|   0|   32|          0|
    |add55_6_reg_5189                    |   32|   0|   32|          0|
    |add55_7_reg_5209                    |   32|   0|   32|          0|
    |add55_8_reg_5229                    |   32|   0|   32|          0|
    |add55_9_reg_5249                    |   32|   0|   32|          0|
    |add55_s_reg_5269                    |   32|   0|   32|          0|
    |add_reg_5069                        |   32|   0|   32|          0|
    |ap_CS_fsm                           |    1|   0|    1|          0|
    |ap_done_reg                         |    1|   0|    1|          0|
    |ap_enable_reg_pp0_iter1             |    1|   0|    1|          0|
    |ap_enable_reg_pp0_iter10            |    1|   0|    1|          0|
    |ap_enable_reg_pp0_iter100           |    1|   0|    1|          0|
    |ap_enable_reg_pp0_iter101           |    1|   0|    1|          0|
    |ap_enable_reg_pp0_iter102           |    1|   0|    1|          0|
    |ap_enable_reg_pp0_iter103           |    1|   0|    1|          0|
    |ap_enable_reg_pp0_iter104           |    1|   0|    1|          0|
    |ap_enable_reg_pp0_iter105           |    1|   0|    1|          0|
    |ap_enable_reg_pp0_iter106           |    1|   0|    1|          0|
    |ap_enable_reg_pp0_iter107           |    1|   0|    1|          0|
    |ap_enable_reg_pp0_iter108           |    1|   0|    1|          0|
    |ap_enable_reg_pp0_iter109           |    1|   0|    1|          0|
    |ap_enable_reg_pp0_iter11            |    1|   0|    1|          0|
    |ap_enable_reg_pp0_iter110           |    1|   0|    1|          0|
    |ap_enable_reg_pp0_iter111           |    1|   0|    1|          0|
    |ap_enable_reg_pp0_iter112           |    1|   0|    1|          0|
    |ap_enable_reg_pp0_iter113           |    1|   0|    1|          0|
    |ap_enable_reg_pp0_iter114           |    1|   0|    1|          0|
    |ap_enable_reg_pp0_iter115           |    1|   0|    1|          0|
    |ap_enable_reg_pp0_iter116           |    1|   0|    1|          0|
    |ap_enable_reg_pp0_iter117           |    1|   0|    1|          0|
    |ap_enable_reg_pp0_iter118           |    1|   0|    1|          0|
    |ap_enable_reg_pp0_iter119           |    1|   0|    1|          0|
    |ap_enable_reg_pp0_iter12            |    1|   0|    1|          0|
    |ap_enable_reg_pp0_iter120           |    1|   0|    1|          0|
    |ap_enable_reg_pp0_iter121           |    1|   0|    1|          0|
    |ap_enable_reg_pp0_iter122           |    1|   0|    1|          0|
    |ap_enable_reg_pp0_iter123           |    1|   0|    1|          0|
    |ap_enable_reg_pp0_iter124           |    1|   0|    1|          0|
    |ap_enable_reg_pp0_iter125           |    1|   0|    1|          0|
    |ap_enable_reg_pp0_iter126           |    1|   0|    1|          0|
    |ap_enable_reg_pp0_iter127           |    1|   0|    1|          0|
    |ap_enable_reg_pp0_iter128           |    1|   0|    1|          0|
    |ap_enable_reg_pp0_iter129           |    1|   0|    1|          0|
    |ap_enable_reg_pp0_iter13            |    1|   0|    1|          0|
    |ap_enable_reg_pp0_iter130           |    1|   0|    1|          0|
    |ap_enable_reg_pp0_iter131           |    1|   0|    1|          0|
    |ap_enable_reg_pp0_iter132           |    1|   0|    1|          0|
    |ap_enable_reg_pp0_iter133           |    1|   0|    1|          0|
    |ap_enable_reg_pp0_iter134           |    1|   0|    1|          0|
    |ap_enable_reg_pp0_iter135           |    1|   0|    1|          0|
    |ap_enable_reg_pp0_iter136           |    1|   0|    1|          0|
    |ap_enable_reg_pp0_iter137           |    1|   0|    1|          0|
    |ap_enable_reg_pp0_iter138           |    1|   0|    1|          0|
    |ap_enable_reg_pp0_iter139           |    1|   0|    1|          0|
    |ap_enable_reg_pp0_iter14            |    1|   0|    1|          0|
    |ap_enable_reg_pp0_iter140           |    1|   0|    1|          0|
    |ap_enable_reg_pp0_iter141           |    1|   0|    1|          0|
    |ap_enable_reg_pp0_iter142           |    1|   0|    1|          0|
    |ap_enable_reg_pp0_iter143           |    1|   0|    1|          0|
    |ap_enable_reg_pp0_iter144           |    1|   0|    1|          0|
    |ap_enable_reg_pp0_iter145           |    1|   0|    1|          0|
    |ap_enable_reg_pp0_iter146           |    1|   0|    1|          0|
    |ap_enable_reg_pp0_iter147           |    1|   0|    1|          0|
    |ap_enable_reg_pp0_iter148           |    1|   0|    1|          0|
    |ap_enable_reg_pp0_iter149           |    1|   0|    1|          0|
    |ap_enable_reg_pp0_iter15            |    1|   0|    1|          0|
    |ap_enable_reg_pp0_iter150           |    1|   0|    1|          0|
    |ap_enable_reg_pp0_iter151           |    1|   0|    1|          0|
    |ap_enable_reg_pp0_iter152           |    1|   0|    1|          0|
    |ap_enable_reg_pp0_iter153           |    1|   0|    1|          0|
    |ap_enable_reg_pp0_iter154           |    1|   0|    1|          0|
    |ap_enable_reg_pp0_iter155           |    1|   0|    1|          0|
    |ap_enable_reg_pp0_iter156           |    1|   0|    1|          0|
    |ap_enable_reg_pp0_iter157           |    1|   0|    1|          0|
    |ap_enable_reg_pp0_iter158           |    1|   0|    1|          0|
    |ap_enable_reg_pp0_iter159           |    1|   0|    1|          0|
    |ap_enable_reg_pp0_iter16            |    1|   0|    1|          0|
    |ap_enable_reg_pp0_iter160           |    1|   0|    1|          0|
    |ap_enable_reg_pp0_iter161           |    1|   0|    1|          0|
    |ap_enable_reg_pp0_iter162           |    1|   0|    1|          0|
    |ap_enable_reg_pp0_iter163           |    1|   0|    1|          0|
    |ap_enable_reg_pp0_iter164           |    1|   0|    1|          0|
    |ap_enable_reg_pp0_iter165           |    1|   0|    1|          0|
    |ap_enable_reg_pp0_iter17            |    1|   0|    1|          0|
    |ap_enable_reg_pp0_iter18            |    1|   0|    1|          0|
    |ap_enable_reg_pp0_iter19            |    1|   0|    1|          0|
    |ap_enable_reg_pp0_iter2             |    1|   0|    1|          0|
    |ap_enable_reg_pp0_iter20            |    1|   0|    1|          0|
    |ap_enable_reg_pp0_iter21            |    1|   0|    1|          0|
    |ap_enable_reg_pp0_iter22            |    1|   0|    1|          0|
    |ap_enable_reg_pp0_iter23            |    1|   0|    1|          0|
    |ap_enable_reg_pp0_iter24            |    1|   0|    1|          0|
    |ap_enable_reg_pp0_iter25            |    1|   0|    1|          0|
    |ap_enable_reg_pp0_iter26            |    1|   0|    1|          0|
    |ap_enable_reg_pp0_iter27            |    1|   0|    1|          0|
    |ap_enable_reg_pp0_iter28            |    1|   0|    1|          0|
    |ap_enable_reg_pp0_iter29            |    1|   0|    1|          0|
    |ap_enable_reg_pp0_iter3             |    1|   0|    1|          0|
    |ap_enable_reg_pp0_iter30            |    1|   0|    1|          0|
    |ap_enable_reg_pp0_iter31            |    1|   0|    1|          0|
    |ap_enable_reg_pp0_iter32            |    1|   0|    1|          0|
    |ap_enable_reg_pp0_iter33            |    1|   0|    1|          0|
    |ap_enable_reg_pp0_iter34            |    1|   0|    1|          0|
    |ap_enable_reg_pp0_iter35            |    1|   0|    1|          0|
    |ap_enable_reg_pp0_iter36            |    1|   0|    1|          0|
    |ap_enable_reg_pp0_iter37            |    1|   0|    1|          0|
    |ap_enable_reg_pp0_iter38            |    1|   0|    1|          0|
    |ap_enable_reg_pp0_iter39            |    1|   0|    1|          0|
    |ap_enable_reg_pp0_iter4             |    1|   0|    1|          0|
    |ap_enable_reg_pp0_iter40            |    1|   0|    1|          0|
    |ap_enable_reg_pp0_iter41            |    1|   0|    1|          0|
    |ap_enable_reg_pp0_iter42            |    1|   0|    1|          0|
    |ap_enable_reg_pp0_iter43            |    1|   0|    1|          0|
    |ap_enable_reg_pp0_iter44            |    1|   0|    1|          0|
    |ap_enable_reg_pp0_iter45            |    1|   0|    1|          0|
    |ap_enable_reg_pp0_iter46            |    1|   0|    1|          0|
    |ap_enable_reg_pp0_iter47            |    1|   0|    1|          0|
    |ap_enable_reg_pp0_iter48            |    1|   0|    1|          0|
    |ap_enable_reg_pp0_iter49            |    1|   0|    1|          0|
    |ap_enable_reg_pp0_iter5             |    1|   0|    1|          0|
    |ap_enable_reg_pp0_iter50            |    1|   0|    1|          0|
    |ap_enable_reg_pp0_iter51            |    1|   0|    1|          0|
    |ap_enable_reg_pp0_iter52            |    1|   0|    1|          0|
    |ap_enable_reg_pp0_iter53            |    1|   0|    1|          0|
    |ap_enable_reg_pp0_iter54            |    1|   0|    1|          0|
    |ap_enable_reg_pp0_iter55            |    1|   0|    1|          0|
    |ap_enable_reg_pp0_iter56            |    1|   0|    1|          0|
    |ap_enable_reg_pp0_iter57            |    1|   0|    1|          0|
    |ap_enable_reg_pp0_iter58            |    1|   0|    1|          0|
    |ap_enable_reg_pp0_iter59            |    1|   0|    1|          0|
    |ap_enable_reg_pp0_iter6             |    1|   0|    1|          0|
    |ap_enable_reg_pp0_iter60            |    1|   0|    1|          0|
    |ap_enable_reg_pp0_iter61            |    1|   0|    1|          0|
    |ap_enable_reg_pp0_iter62            |    1|   0|    1|          0|
    |ap_enable_reg_pp0_iter63            |    1|   0|    1|          0|
    |ap_enable_reg_pp0_iter64            |    1|   0|    1|          0|
    |ap_enable_reg_pp0_iter65            |    1|   0|    1|          0|
    |ap_enable_reg_pp0_iter66            |    1|   0|    1|          0|
    |ap_enable_reg_pp0_iter67            |    1|   0|    1|          0|
    |ap_enable_reg_pp0_iter68            |    1|   0|    1|          0|
    |ap_enable_reg_pp0_iter69            |    1|   0|    1|          0|
    |ap_enable_reg_pp0_iter7             |    1|   0|    1|          0|
    |ap_enable_reg_pp0_iter70            |    1|   0|    1|          0|
    |ap_enable_reg_pp0_iter71            |    1|   0|    1|          0|
    |ap_enable_reg_pp0_iter72            |    1|   0|    1|          0|
    |ap_enable_reg_pp0_iter73            |    1|   0|    1|          0|
    |ap_enable_reg_pp0_iter74            |    1|   0|    1|          0|
    |ap_enable_reg_pp0_iter75            |    1|   0|    1|          0|
    |ap_enable_reg_pp0_iter76            |    1|   0|    1|          0|
    |ap_enable_reg_pp0_iter77            |    1|   0|    1|          0|
    |ap_enable_reg_pp0_iter78            |    1|   0|    1|          0|
    |ap_enable_reg_pp0_iter79            |    1|   0|    1|          0|
    |ap_enable_reg_pp0_iter8             |    1|   0|    1|          0|
    |ap_enable_reg_pp0_iter80            |    1|   0|    1|          0|
    |ap_enable_reg_pp0_iter81            |    1|   0|    1|          0|
    |ap_enable_reg_pp0_iter82            |    1|   0|    1|          0|
    |ap_enable_reg_pp0_iter83            |    1|   0|    1|          0|
    |ap_enable_reg_pp0_iter84            |    1|   0|    1|          0|
    |ap_enable_reg_pp0_iter85            |    1|   0|    1|          0|
    |ap_enable_reg_pp0_iter86            |    1|   0|    1|          0|
    |ap_enable_reg_pp0_iter87            |    1|   0|    1|          0|
    |ap_enable_reg_pp0_iter88            |    1|   0|    1|          0|
    |ap_enable_reg_pp0_iter89            |    1|   0|    1|          0|
    |ap_enable_reg_pp0_iter9             |    1|   0|    1|          0|
    |ap_enable_reg_pp0_iter90            |    1|   0|    1|          0|
    |ap_enable_reg_pp0_iter91            |    1|   0|    1|          0|
    |ap_enable_reg_pp0_iter92            |    1|   0|    1|          0|
    |ap_enable_reg_pp0_iter93            |    1|   0|    1|          0|
    |ap_enable_reg_pp0_iter94            |    1|   0|    1|          0|
    |ap_enable_reg_pp0_iter95            |    1|   0|    1|          0|
    |ap_enable_reg_pp0_iter96            |    1|   0|    1|          0|
    |ap_enable_reg_pp0_iter97            |    1|   0|    1|          0|
    |ap_enable_reg_pp0_iter98            |    1|   0|    1|          0|
    |ap_enable_reg_pp0_iter99            |    1|   0|    1|          0|
    |ap_loop_exit_ready_pp0_iter100_reg  |    1|   0|    1|          0|
    |ap_loop_exit_ready_pp0_iter101_reg  |    1|   0|    1|          0|
    |ap_loop_exit_ready_pp0_iter102_reg  |    1|   0|    1|          0|
    |ap_loop_exit_ready_pp0_iter103_reg  |    1|   0|    1|          0|
    |ap_loop_exit_ready_pp0_iter104_reg  |    1|   0|    1|          0|
    |ap_loop_exit_ready_pp0_iter105_reg  |    1|   0|    1|          0|
    |ap_loop_exit_ready_pp0_iter106_reg  |    1|   0|    1|          0|
    |ap_loop_exit_ready_pp0_iter107_reg  |    1|   0|    1|          0|
    |ap_loop_exit_ready_pp0_iter108_reg  |    1|   0|    1|          0|
    |ap_loop_exit_ready_pp0_iter109_reg  |    1|   0|    1|          0|
    |ap_loop_exit_ready_pp0_iter10_reg   |    1|   0|    1|          0|
    |ap_loop_exit_ready_pp0_iter110_reg  |    1|   0|    1|          0|
    |ap_loop_exit_ready_pp0_iter111_reg  |    1|   0|    1|          0|
    |ap_loop_exit_ready_pp0_iter112_reg  |    1|   0|    1|          0|
    |ap_loop_exit_ready_pp0_iter113_reg  |    1|   0|    1|          0|
    |ap_loop_exit_ready_pp0_iter114_reg  |    1|   0|    1|          0|
    |ap_loop_exit_ready_pp0_iter115_reg  |    1|   0|    1|          0|
    |ap_loop_exit_ready_pp0_iter116_reg  |    1|   0|    1|          0|
    |ap_loop_exit_ready_pp0_iter117_reg  |    1|   0|    1|          0|
    |ap_loop_exit_ready_pp0_iter118_reg  |    1|   0|    1|          0|
    |ap_loop_exit_ready_pp0_iter119_reg  |    1|   0|    1|          0|
    |ap_loop_exit_ready_pp0_iter11_reg   |    1|   0|    1|          0|
    |ap_loop_exit_ready_pp0_iter120_reg  |    1|   0|    1|          0|
    |ap_loop_exit_ready_pp0_iter121_reg  |    1|   0|    1|          0|
    |ap_loop_exit_ready_pp0_iter122_reg  |    1|   0|    1|          0|
    |ap_loop_exit_ready_pp0_iter123_reg  |    1|   0|    1|          0|
    |ap_loop_exit_ready_pp0_iter124_reg  |    1|   0|    1|          0|
    |ap_loop_exit_ready_pp0_iter125_reg  |    1|   0|    1|          0|
    |ap_loop_exit_ready_pp0_iter126_reg  |    1|   0|    1|          0|
    |ap_loop_exit_ready_pp0_iter127_reg  |    1|   0|    1|          0|
    |ap_loop_exit_ready_pp0_iter128_reg  |    1|   0|    1|          0|
    |ap_loop_exit_ready_pp0_iter129_reg  |    1|   0|    1|          0|
    |ap_loop_exit_ready_pp0_iter12_reg   |    1|   0|    1|          0|
    |ap_loop_exit_ready_pp0_iter130_reg  |    1|   0|    1|          0|
    |ap_loop_exit_ready_pp0_iter131_reg  |    1|   0|    1|          0|
    |ap_loop_exit_ready_pp0_iter132_reg  |    1|   0|    1|          0|
    |ap_loop_exit_ready_pp0_iter133_reg  |    1|   0|    1|          0|
    |ap_loop_exit_ready_pp0_iter134_reg  |    1|   0|    1|          0|
    |ap_loop_exit_ready_pp0_iter135_reg  |    1|   0|    1|          0|
    |ap_loop_exit_ready_pp0_iter136_reg  |    1|   0|    1|          0|
    |ap_loop_exit_ready_pp0_iter137_reg  |    1|   0|    1|          0|
    |ap_loop_exit_ready_pp0_iter138_reg  |    1|   0|    1|          0|
    |ap_loop_exit_ready_pp0_iter139_reg  |    1|   0|    1|          0|
    |ap_loop_exit_ready_pp0_iter13_reg   |    1|   0|    1|          0|
    |ap_loop_exit_ready_pp0_iter140_reg  |    1|   0|    1|          0|
    |ap_loop_exit_ready_pp0_iter141_reg  |    1|   0|    1|          0|
    |ap_loop_exit_ready_pp0_iter142_reg  |    1|   0|    1|          0|
    |ap_loop_exit_ready_pp0_iter143_reg  |    1|   0|    1|          0|
    |ap_loop_exit_ready_pp0_iter144_reg  |    1|   0|    1|          0|
    |ap_loop_exit_ready_pp0_iter145_reg  |    1|   0|    1|          0|
    |ap_loop_exit_ready_pp0_iter146_reg  |    1|   0|    1|          0|
    |ap_loop_exit_ready_pp0_iter147_reg  |    1|   0|    1|          0|
    |ap_loop_exit_ready_pp0_iter148_reg  |    1|   0|    1|          0|
    |ap_loop_exit_ready_pp0_iter149_reg  |    1|   0|    1|          0|
    |ap_loop_exit_ready_pp0_iter14_reg   |    1|   0|    1|          0|
    |ap_loop_exit_ready_pp0_iter150_reg  |    1|   0|    1|          0|
    |ap_loop_exit_ready_pp0_iter151_reg  |    1|   0|    1|          0|
    |ap_loop_exit_ready_pp0_iter152_reg  |    1|   0|    1|          0|
    |ap_loop_exit_ready_pp0_iter153_reg  |    1|   0|    1|          0|
    |ap_loop_exit_ready_pp0_iter154_reg  |    1|   0|    1|          0|
    |ap_loop_exit_ready_pp0_iter155_reg  |    1|   0|    1|          0|
    |ap_loop_exit_ready_pp0_iter156_reg  |    1|   0|    1|          0|
    |ap_loop_exit_ready_pp0_iter157_reg  |    1|   0|    1|          0|
    |ap_loop_exit_ready_pp0_iter158_reg  |    1|   0|    1|          0|
    |ap_loop_exit_ready_pp0_iter159_reg  |    1|   0|    1|          0|
    |ap_loop_exit_ready_pp0_iter15_reg   |    1|   0|    1|          0|
    |ap_loop_exit_ready_pp0_iter160_reg  |    1|   0|    1|          0|
    |ap_loop_exit_ready_pp0_iter161_reg  |    1|   0|    1|          0|
    |ap_loop_exit_ready_pp0_iter162_reg  |    1|   0|    1|          0|
    |ap_loop_exit_ready_pp0_iter163_reg  |    1|   0|    1|          0|
    |ap_loop_exit_ready_pp0_iter164_reg  |    1|   0|    1|          0|
    |ap_loop_exit_ready_pp0_iter16_reg   |    1|   0|    1|          0|
    |ap_loop_exit_ready_pp0_iter17_reg   |    1|   0|    1|          0|
    |ap_loop_exit_ready_pp0_iter18_reg   |    1|   0|    1|          0|
    |ap_loop_exit_ready_pp0_iter19_reg   |    1|   0|    1|          0|
    |ap_loop_exit_ready_pp0_iter1_reg    |    1|   0|    1|          0|
    |ap_loop_exit_ready_pp0_iter20_reg   |    1|   0|    1|          0|
    |ap_loop_exit_ready_pp0_iter21_reg   |    1|   0|    1|          0|
    |ap_loop_exit_ready_pp0_iter22_reg   |    1|   0|    1|          0|
    |ap_loop_exit_ready_pp0_iter23_reg   |    1|   0|    1|          0|
    |ap_loop_exit_ready_pp0_iter24_reg   |    1|   0|    1|          0|
    |ap_loop_exit_ready_pp0_iter25_reg   |    1|   0|    1|          0|
    |ap_loop_exit_ready_pp0_iter26_reg   |    1|   0|    1|          0|
    |ap_loop_exit_ready_pp0_iter27_reg   |    1|   0|    1|          0|
    |ap_loop_exit_ready_pp0_iter28_reg   |    1|   0|    1|          0|
    |ap_loop_exit_ready_pp0_iter29_reg   |    1|   0|    1|          0|
    |ap_loop_exit_ready_pp0_iter2_reg    |    1|   0|    1|          0|
    |ap_loop_exit_ready_pp0_iter30_reg   |    1|   0|    1|          0|
    |ap_loop_exit_ready_pp0_iter31_reg   |    1|   0|    1|          0|
    |ap_loop_exit_ready_pp0_iter32_reg   |    1|   0|    1|          0|
    |ap_loop_exit_ready_pp0_iter33_reg   |    1|   0|    1|          0|
    |ap_loop_exit_ready_pp0_iter34_reg   |    1|   0|    1|          0|
    |ap_loop_exit_ready_pp0_iter35_reg   |    1|   0|    1|          0|
    |ap_loop_exit_ready_pp0_iter36_reg   |    1|   0|    1|          0|
    |ap_loop_exit_ready_pp0_iter37_reg   |    1|   0|    1|          0|
    |ap_loop_exit_ready_pp0_iter38_reg   |    1|   0|    1|          0|
    |ap_loop_exit_ready_pp0_iter39_reg   |    1|   0|    1|          0|
    |ap_loop_exit_ready_pp0_iter3_reg    |    1|   0|    1|          0|
    |ap_loop_exit_ready_pp0_iter40_reg   |    1|   0|    1|          0|
    |ap_loop_exit_ready_pp0_iter41_reg   |    1|   0|    1|          0|
    |ap_loop_exit_ready_pp0_iter42_reg   |    1|   0|    1|          0|
    |ap_loop_exit_ready_pp0_iter43_reg   |    1|   0|    1|          0|
    |ap_loop_exit_ready_pp0_iter44_reg   |    1|   0|    1|          0|
    |ap_loop_exit_ready_pp0_iter45_reg   |    1|   0|    1|          0|
    |ap_loop_exit_ready_pp0_iter46_reg   |    1|   0|    1|          0|
    |ap_loop_exit_ready_pp0_iter47_reg   |    1|   0|    1|          0|
    |ap_loop_exit_ready_pp0_iter48_reg   |    1|   0|    1|          0|
    |ap_loop_exit_ready_pp0_iter49_reg   |    1|   0|    1|          0|
    |ap_loop_exit_ready_pp0_iter4_reg    |    1|   0|    1|          0|
    |ap_loop_exit_ready_pp0_iter50_reg   |    1|   0|    1|          0|
    |ap_loop_exit_ready_pp0_iter51_reg   |    1|   0|    1|          0|
    |ap_loop_exit_ready_pp0_iter52_reg   |    1|   0|    1|          0|
    |ap_loop_exit_ready_pp0_iter53_reg   |    1|   0|    1|          0|
    |ap_loop_exit_ready_pp0_iter54_reg   |    1|   0|    1|          0|
    |ap_loop_exit_ready_pp0_iter55_reg   |    1|   0|    1|          0|
    |ap_loop_exit_ready_pp0_iter56_reg   |    1|   0|    1|          0|
    |ap_loop_exit_ready_pp0_iter57_reg   |    1|   0|    1|          0|
    |ap_loop_exit_ready_pp0_iter58_reg   |    1|   0|    1|          0|
    |ap_loop_exit_ready_pp0_iter59_reg   |    1|   0|    1|          0|
    |ap_loop_exit_ready_pp0_iter5_reg    |    1|   0|    1|          0|
    |ap_loop_exit_ready_pp0_iter60_reg   |    1|   0|    1|          0|
    |ap_loop_exit_ready_pp0_iter61_reg   |    1|   0|    1|          0|
    |ap_loop_exit_ready_pp0_iter62_reg   |    1|   0|    1|          0|
    |ap_loop_exit_ready_pp0_iter63_reg   |    1|   0|    1|          0|
    |ap_loop_exit_ready_pp0_iter64_reg   |    1|   0|    1|          0|
    |ap_loop_exit_ready_pp0_iter65_reg   |    1|   0|    1|          0|
    |ap_loop_exit_ready_pp0_iter66_reg   |    1|   0|    1|          0|
    |ap_loop_exit_ready_pp0_iter67_reg   |    1|   0|    1|          0|
    |ap_loop_exit_ready_pp0_iter68_reg   |    1|   0|    1|          0|
    |ap_loop_exit_ready_pp0_iter69_reg   |    1|   0|    1|          0|
    |ap_loop_exit_ready_pp0_iter6_reg    |    1|   0|    1|          0|
    |ap_loop_exit_ready_pp0_iter70_reg   |    1|   0|    1|          0|
    |ap_loop_exit_ready_pp0_iter71_reg   |    1|   0|    1|          0|
    |ap_loop_exit_ready_pp0_iter72_reg   |    1|   0|    1|          0|
    |ap_loop_exit_ready_pp0_iter73_reg   |    1|   0|    1|          0|
    |ap_loop_exit_ready_pp0_iter74_reg   |    1|   0|    1|          0|
    |ap_loop_exit_ready_pp0_iter75_reg   |    1|   0|    1|          0|
    |ap_loop_exit_ready_pp0_iter76_reg   |    1|   0|    1|          0|
    |ap_loop_exit_ready_pp0_iter77_reg   |    1|   0|    1|          0|
    |ap_loop_exit_ready_pp0_iter78_reg   |    1|   0|    1|          0|
    |ap_loop_exit_ready_pp0_iter79_reg   |    1|   0|    1|          0|
    |ap_loop_exit_ready_pp0_iter7_reg    |    1|   0|    1|          0|
    |ap_loop_exit_ready_pp0_iter80_reg   |    1|   0|    1|          0|
    |ap_loop_exit_ready_pp0_iter81_reg   |    1|   0|    1|          0|
    |ap_loop_exit_ready_pp0_iter82_reg   |    1|   0|    1|          0|
    |ap_loop_exit_ready_pp0_iter83_reg   |    1|   0|    1|          0|
    |ap_loop_exit_ready_pp0_iter84_reg   |    1|   0|    1|          0|
    |ap_loop_exit_ready_pp0_iter85_reg   |    1|   0|    1|          0|
    |ap_loop_exit_ready_pp0_iter86_reg   |    1|   0|    1|          0|
    |ap_loop_exit_ready_pp0_iter87_reg   |    1|   0|    1|          0|
    |ap_loop_exit_ready_pp0_iter88_reg   |    1|   0|    1|          0|
    |ap_loop_exit_ready_pp0_iter89_reg   |    1|   0|    1|          0|
    |ap_loop_exit_ready_pp0_iter8_reg    |    1|   0|    1|          0|
    |ap_loop_exit_ready_pp0_iter90_reg   |    1|   0|    1|          0|
    |ap_loop_exit_ready_pp0_iter91_reg   |    1|   0|    1|          0|
    |ap_loop_exit_ready_pp0_iter92_reg   |    1|   0|    1|          0|
    |ap_loop_exit_ready_pp0_iter93_reg   |    1|   0|    1|          0|
    |ap_loop_exit_ready_pp0_iter94_reg   |    1|   0|    1|          0|
    |ap_loop_exit_ready_pp0_iter95_reg   |    1|   0|    1|          0|
    |ap_loop_exit_ready_pp0_iter96_reg   |    1|   0|    1|          0|
    |ap_loop_exit_ready_pp0_iter97_reg   |    1|   0|    1|          0|
    |ap_loop_exit_ready_pp0_iter98_reg   |    1|   0|    1|          0|
    |ap_loop_exit_ready_pp0_iter99_reg   |    1|   0|    1|          0|
    |ap_loop_exit_ready_pp0_iter9_reg    |    1|   0|    1|          0|
    |icmp_ln52_reg_4969                  |    1|   0|    1|          0|
    |kb_fu_572                           |    3|   0|    3|          0|
    |result_buf_1_fu_576                 |  128|   0|  128|          0|
    |shl_ln1_reg_4978                    |    2|   0|    6|          4|
    |term_10_reg_5254                    |   32|   0|   32|          0|
    |term_11_reg_5274                    |   32|   0|   32|          0|
    |term_12_reg_5294                    |   32|   0|   32|          0|
    |term_13_reg_5314                    |   32|   0|   32|          0|
    |term_14_reg_5334                    |   32|   0|   32|          0|
    |term_15_reg_5354                    |   32|   0|   32|          0|
    |term_16_reg_5374                    |   32|   0|   32|          0|
    |term_17_reg_5394                    |   32|   0|   32|          0|
    |term_18_reg_5414                    |   32|   0|   32|          0|
    |term_19_reg_5434                    |   32|   0|   32|          0|
    |term_1_reg_5074                     |   32|   0|   32|          0|
    |term_20_reg_5454                    |   32|   0|   32|          0|
    |term_21_reg_5474                    |   32|   0|   32|          0|
    |term_22_reg_5494                    |   32|   0|   32|          0|
    |term_23_reg_5514                    |   32|   0|   32|          0|
    |term_24_reg_5534                    |   32|   0|   32|          0|
    |term_25_reg_5554                    |   32|   0|   32|          0|
    |term_26_reg_5574                    |   32|   0|   32|          0|
    |term_27_reg_5594                    |   32|   0|   32|          0|
    |term_28_reg_5614                    |   32|   0|   32|          0|
    |term_29_reg_5634                    |   32|   0|   32|          0|
    |term_2_reg_5094                     |   32|   0|   32|          0|
    |term_30_reg_5654                    |   32|   0|   32|          0|
    |term_31_reg_5674                    |   32|   0|   32|          0|
    |term_3_reg_5114                     |   32|   0|   32|          0|
    |term_4_reg_5134                     |   32|   0|   32|          0|
    |term_5_reg_5154                     |   32|   0|   32|          0|
    |term_6_reg_5174                     |   32|   0|   32|          0|
    |term_7_reg_5194                     |   32|   0|   32|          0|
    |term_8_reg_5214                     |   32|   0|   32|          0|
    |term_9_reg_5234                     |   32|   0|   32|          0|
    |term_reg_5054                       |   32|   0|   32|          0|
    |tmp_10_reg_5144                     |   32|   0|   32|          0|
    |tmp_11_reg_5159                     |   32|   0|   32|          0|
    |tmp_12_reg_5164                     |   32|   0|   32|          0|
    |tmp_13_reg_5179                     |   32|   0|   32|          0|
    |tmp_14_reg_5184                     |   32|   0|   32|          0|
    |tmp_15_reg_5199                     |   32|   0|   32|          0|
    |tmp_16_reg_5204                     |   32|   0|   32|          0|
    |tmp_17_reg_5219                     |   32|   0|   32|          0|
    |tmp_18_reg_5224                     |   32|   0|   32|          0|
    |tmp_19_reg_5239                     |   32|   0|   32|          0|
    |tmp_1_reg_5049                      |   32|   0|   32|          0|
    |tmp_20_reg_5244                     |   32|   0|   32|          0|
    |tmp_21_reg_5259                     |   32|   0|   32|          0|
    |tmp_22_reg_5264                     |   32|   0|   32|          0|
    |tmp_23_reg_5279                     |   32|   0|   32|          0|
    |tmp_24_reg_5284                     |   32|   0|   32|          0|
    |tmp_25_reg_5299                     |   32|   0|   32|          0|
    |tmp_26_reg_5304                     |   32|   0|   32|          0|
    |tmp_27_reg_5319                     |   32|   0|   32|          0|
    |tmp_28_reg_5324                     |   32|   0|   32|          0|
    |tmp_29_reg_5339                     |   32|   0|   32|          0|
    |tmp_2_reg_5059                      |   32|   0|   32|          0|
    |tmp_30_reg_5344                     |   32|   0|   32|          0|
    |tmp_31_reg_5359                     |   32|   0|   32|          0|
    |tmp_32_reg_5364                     |   32|   0|   32|          0|
    |tmp_33_reg_5379                     |   32|   0|   32|          0|
    |tmp_34_reg_5384                     |   32|   0|   32|          0|
    |tmp_35_reg_5399                     |   32|   0|   32|          0|
    |tmp_36_reg_5404                     |   32|   0|   32|          0|
    |tmp_37_reg_5419                     |   32|   0|   32|          0|
    |tmp_38_reg_5424                     |   32|   0|   32|          0|
    |tmp_39_reg_5439                     |   32|   0|   32|          0|
    |tmp_3_reg_5064                      |   32|   0|   32|          0|
    |tmp_40_reg_5444                     |   32|   0|   32|          0|
    |tmp_41_reg_5459                     |   32|   0|   32|          0|
    |tmp_42_reg_5464                     |   32|   0|   32|          0|
    |tmp_43_reg_5479                     |   32|   0|   32|          0|
    |tmp_44_reg_5484                     |   32|   0|   32|          0|
    |tmp_45_reg_5499                     |   32|   0|   32|          0|
    |tmp_46_reg_5504                     |   32|   0|   32|          0|
    |tmp_47_reg_5519                     |   32|   0|   32|          0|
    |tmp_48_reg_5524                     |   32|   0|   32|          0|
    |tmp_49_reg_5539                     |   32|   0|   32|          0|
    |tmp_4_reg_5079                      |   32|   0|   32|          0|
    |tmp_50_reg_5544                     |   32|   0|   32|          0|
    |tmp_51_reg_5559                     |   32|   0|   32|          0|
    |tmp_52_reg_5564                     |   32|   0|   32|          0|
    |tmp_53_reg_5579                     |   32|   0|   32|          0|
    |tmp_54_reg_5584                     |   32|   0|   32|          0|
    |tmp_55_reg_5599                     |   32|   0|   32|          0|
    |tmp_56_reg_5604                     |   32|   0|   32|          0|
    |tmp_57_reg_5619                     |   32|   0|   32|          0|
    |tmp_58_reg_5624                     |   32|   0|   32|          0|
    |tmp_59_reg_5639                     |   32|   0|   32|          0|
    |tmp_5_reg_5084                      |   32|   0|   32|          0|
    |tmp_60_reg_5644                     |   32|   0|   32|          0|
    |tmp_61_reg_5659                     |   32|   0|   32|          0|
    |tmp_62_reg_5664                     |   32|   0|   32|          0|
    |tmp_6_reg_5099                      |   32|   0|   32|          0|
    |tmp_7_reg_5104                      |   32|   0|   32|          0|
    |tmp_8_reg_5119                      |   32|   0|   32|          0|
    |tmp_9_reg_5124                      |   32|   0|   32|          0|
    |tmp_reg_5044                        |   32|   0|   32|          0|
    |tmp_s_reg_5139                      |   32|   0|   32|          0|
    |trunc_ln54_reg_4973                 |    2|   0|    2|          0|
    |icmp_ln52_reg_4969                  |   64|  32|    1|          0|
    |shl_ln1_reg_4978                    |   64|  32|    6|          4|
    |trunc_ln54_reg_4973                 |   64|  32|    2|          0|
    +------------------------------------+-----+----+-----+-----------+
    |Total                               | 4755|  96| 4576|          8|
    +------------------------------------+-----+----+-----+-----------+



================================================================
== Interface
================================================================
* Summary: 
+-------------------------+-----+-----+------------+----------------------+--------------+
|        RTL Ports        | Dir | Bits|  Protocol  |     Source Object    |    C Type    |
+-------------------------+-----+-----+------------+----------------------+--------------+
|ap_clk                   |   in|    1|  ap_ctrl_hs|  mmult_Pipeline_BREAK|  return value|
|ap_rst                   |   in|    1|  ap_ctrl_hs|  mmult_Pipeline_BREAK|  return value|
|ap_start                 |   in|    1|  ap_ctrl_hs|  mmult_Pipeline_BREAK|  return value|
|ap_done                  |  out|    1|  ap_ctrl_hs|  mmult_Pipeline_BREAK|  return value|
|ap_idle                  |  out|    1|  ap_ctrl_hs|  mmult_Pipeline_BREAK|  return value|
|ap_ready                 |  out|    1|  ap_ctrl_hs|  mmult_Pipeline_BREAK|  return value|
|grp_fu_4325_p_din0       |  out|   32|  ap_ctrl_hs|  mmult_Pipeline_BREAK|  return value|
|grp_fu_4325_p_din1       |  out|   32|  ap_ctrl_hs|  mmult_Pipeline_BREAK|  return value|
|grp_fu_4325_p_opcode     |  out|    2|  ap_ctrl_hs|  mmult_Pipeline_BREAK|  return value|
|grp_fu_4325_p_dout0      |   in|   32|  ap_ctrl_hs|  mmult_Pipeline_BREAK|  return value|
|grp_fu_4325_p_ce         |  out|    1|  ap_ctrl_hs|  mmult_Pipeline_BREAK|  return value|
|result_buf               |   in|  128|     ap_none|            result_buf|        scalar|
|Abuf_load                |   in|   32|     ap_none|             Abuf_load|        scalar|
|Abuf_16_load             |   in|   32|     ap_none|          Abuf_16_load|        scalar|
|Abuf_32_load             |   in|   32|     ap_none|          Abuf_32_load|        scalar|
|Abuf_48_load             |   in|   32|     ap_none|          Abuf_48_load|        scalar|
|Bbuf_load                |   in|   32|     ap_none|             Bbuf_load|        scalar|
|Bbuf_16_load             |   in|   32|     ap_none|          Bbuf_16_load|        scalar|
|Bbuf_32_load             |   in|   32|     ap_none|          Bbuf_32_load|        scalar|
|Bbuf_48_load             |   in|   32|     ap_none|          Bbuf_48_load|        scalar|
|Abuf_load_1              |   in|   32|     ap_none|           Abuf_load_1|        scalar|
|Abuf_16_load_1           |   in|   32|     ap_none|        Abuf_16_load_1|        scalar|
|Abuf_32_load_1           |   in|   32|     ap_none|        Abuf_32_load_1|        scalar|
|Abuf_48_load_1           |   in|   32|     ap_none|        Abuf_48_load_1|        scalar|
|Bbuf_load_1              |   in|   32|     ap_none|           Bbuf_load_1|        scalar|
|Bbuf_16_load_1           |   in|   32|     ap_none|        Bbuf_16_load_1|        scalar|
|Bbuf_32_load_1           |   in|   32|     ap_none|        Bbuf_32_load_1|        scalar|
|Bbuf_48_load_1           |   in|   32|     ap_none|        Bbuf_48_load_1|        scalar|
|Abuf_1_load              |   in|   32|     ap_none|           Abuf_1_load|        scalar|
|Abuf_17_load             |   in|   32|     ap_none|          Abuf_17_load|        scalar|
|Abuf_33_load             |   in|   32|     ap_none|          Abuf_33_load|        scalar|
|Abuf_49_load             |   in|   32|     ap_none|          Abuf_49_load|        scalar|
|Bbuf_1_load              |   in|   32|     ap_none|           Bbuf_1_load|        scalar|
|Bbuf_17_load             |   in|   32|     ap_none|          Bbuf_17_load|        scalar|
|Bbuf_33_load             |   in|   32|     ap_none|          Bbuf_33_load|        scalar|
|Bbuf_49_load             |   in|   32|     ap_none|          Bbuf_49_load|        scalar|
|Abuf_1_load_1            |   in|   32|     ap_none|         Abuf_1_load_1|        scalar|
|Abuf_17_load_1           |   in|   32|     ap_none|        Abuf_17_load_1|        scalar|
|Abuf_33_load_1           |   in|   32|     ap_none|        Abuf_33_load_1|        scalar|
|Abuf_49_load_1           |   in|   32|     ap_none|        Abuf_49_load_1|        scalar|
|Bbuf_1_load_1            |   in|   32|     ap_none|         Bbuf_1_load_1|        scalar|
|Bbuf_17_load_1           |   in|   32|     ap_none|        Bbuf_17_load_1|        scalar|
|Bbuf_33_load_1           |   in|   32|     ap_none|        Bbuf_33_load_1|        scalar|
|Bbuf_49_load_1           |   in|   32|     ap_none|        Bbuf_49_load_1|        scalar|
|Abuf_2_load              |   in|   32|     ap_none|           Abuf_2_load|        scalar|
|Abuf_18_load             |   in|   32|     ap_none|          Abuf_18_load|        scalar|
|Abuf_34_load             |   in|   32|     ap_none|          Abuf_34_load|        scalar|
|Abuf_50_load             |   in|   32|     ap_none|          Abuf_50_load|        scalar|
|Bbuf_2_load              |   in|   32|     ap_none|           Bbuf_2_load|        scalar|
|Bbuf_18_load             |   in|   32|     ap_none|          Bbuf_18_load|        scalar|
|Bbuf_34_load             |   in|   32|     ap_none|          Bbuf_34_load|        scalar|
|Bbuf_50_load             |   in|   32|     ap_none|          Bbuf_50_load|        scalar|
|Abuf_2_load_1            |   in|   32|     ap_none|         Abuf_2_load_1|        scalar|
|Abuf_18_load_1           |   in|   32|     ap_none|        Abuf_18_load_1|        scalar|
|Abuf_34_load_1           |   in|   32|     ap_none|        Abuf_34_load_1|        scalar|
|Abuf_50_load_1           |   in|   32|     ap_none|        Abuf_50_load_1|        scalar|
|Bbuf_2_load_1            |   in|   32|     ap_none|         Bbuf_2_load_1|        scalar|
|Bbuf_18_load_1           |   in|   32|     ap_none|        Bbuf_18_load_1|        scalar|
|Bbuf_34_load_1           |   in|   32|     ap_none|        Bbuf_34_load_1|        scalar|
|Bbuf_50_load_1           |   in|   32|     ap_none|        Bbuf_50_load_1|        scalar|
|Abuf_3_load              |   in|   32|     ap_none|           Abuf_3_load|        scalar|
|Abuf_19_load             |   in|   32|     ap_none|          Abuf_19_load|        scalar|
|Abuf_35_load             |   in|   32|     ap_none|          Abuf_35_load|        scalar|
|Abuf_51_load             |   in|   32|     ap_none|          Abuf_51_load|        scalar|
|Bbuf_3_load              |   in|   32|     ap_none|           Bbuf_3_load|        scalar|
|Bbuf_19_load             |   in|   32|     ap_none|          Bbuf_19_load|        scalar|
|Bbuf_35_load             |   in|   32|     ap_none|          Bbuf_35_load|        scalar|
|Bbuf_51_load             |   in|   32|     ap_none|          Bbuf_51_load|        scalar|
|Abuf_3_load_1            |   in|   32|     ap_none|         Abuf_3_load_1|        scalar|
|Abuf_19_load_1           |   in|   32|     ap_none|        Abuf_19_load_1|        scalar|
|Abuf_35_load_1           |   in|   32|     ap_none|        Abuf_35_load_1|        scalar|
|Abuf_51_load_1           |   in|   32|     ap_none|        Abuf_51_load_1|        scalar|
|Bbuf_3_load_1            |   in|   32|     ap_none|         Bbuf_3_load_1|        scalar|
|Bbuf_19_load_1           |   in|   32|     ap_none|        Bbuf_19_load_1|        scalar|
|Bbuf_35_load_1           |   in|   32|     ap_none|        Bbuf_35_load_1|        scalar|
|Bbuf_51_load_1           |   in|   32|     ap_none|        Bbuf_51_load_1|        scalar|
|Abuf_4_load              |   in|   32|     ap_none|           Abuf_4_load|        scalar|
|Abuf_20_load             |   in|   32|     ap_none|          Abuf_20_load|        scalar|
|Abuf_36_load             |   in|   32|     ap_none|          Abuf_36_load|        scalar|
|Abuf_52_load             |   in|   32|     ap_none|          Abuf_52_load|        scalar|
|Bbuf_4_load              |   in|   32|     ap_none|           Bbuf_4_load|        scalar|
|Bbuf_20_load             |   in|   32|     ap_none|          Bbuf_20_load|        scalar|
|Bbuf_36_load             |   in|   32|     ap_none|          Bbuf_36_load|        scalar|
|Bbuf_52_load             |   in|   32|     ap_none|          Bbuf_52_load|        scalar|
|Abuf_4_load_1            |   in|   32|     ap_none|         Abuf_4_load_1|        scalar|
|Abuf_20_load_1           |   in|   32|     ap_none|        Abuf_20_load_1|        scalar|
|Abuf_36_load_1           |   in|   32|     ap_none|        Abuf_36_load_1|        scalar|
|Abuf_52_load_1           |   in|   32|     ap_none|        Abuf_52_load_1|        scalar|
|Bbuf_4_load_1            |   in|   32|     ap_none|         Bbuf_4_load_1|        scalar|
|Bbuf_20_load_1           |   in|   32|     ap_none|        Bbuf_20_load_1|        scalar|
|Bbuf_36_load_1           |   in|   32|     ap_none|        Bbuf_36_load_1|        scalar|
|Bbuf_52_load_1           |   in|   32|     ap_none|        Bbuf_52_load_1|        scalar|
|Abuf_5_load              |   in|   32|     ap_none|           Abuf_5_load|        scalar|
|Abuf_21_load             |   in|   32|     ap_none|          Abuf_21_load|        scalar|
|Abuf_37_load             |   in|   32|     ap_none|          Abuf_37_load|        scalar|
|Abuf_53_load             |   in|   32|     ap_none|          Abuf_53_load|        scalar|
|Bbuf_5_load              |   in|   32|     ap_none|           Bbuf_5_load|        scalar|
|Bbuf_21_load             |   in|   32|     ap_none|          Bbuf_21_load|        scalar|
|Bbuf_37_load             |   in|   32|     ap_none|          Bbuf_37_load|        scalar|
|Bbuf_53_load             |   in|   32|     ap_none|          Bbuf_53_load|        scalar|
|Abuf_5_load_1            |   in|   32|     ap_none|         Abuf_5_load_1|        scalar|
|Abuf_21_load_1           |   in|   32|     ap_none|        Abuf_21_load_1|        scalar|
|Abuf_37_load_1           |   in|   32|     ap_none|        Abuf_37_load_1|        scalar|
|Abuf_53_load_1           |   in|   32|     ap_none|        Abuf_53_load_1|        scalar|
|Bbuf_5_load_1            |   in|   32|     ap_none|         Bbuf_5_load_1|        scalar|
|Bbuf_21_load_1           |   in|   32|     ap_none|        Bbuf_21_load_1|        scalar|
|Bbuf_37_load_1           |   in|   32|     ap_none|        Bbuf_37_load_1|        scalar|
|Bbuf_53_load_1           |   in|   32|     ap_none|        Bbuf_53_load_1|        scalar|
|Abuf_6_load              |   in|   32|     ap_none|           Abuf_6_load|        scalar|
|Abuf_22_load             |   in|   32|     ap_none|          Abuf_22_load|        scalar|
|Abuf_38_load             |   in|   32|     ap_none|          Abuf_38_load|        scalar|
|Abuf_54_load             |   in|   32|     ap_none|          Abuf_54_load|        scalar|
|Bbuf_6_load              |   in|   32|     ap_none|           Bbuf_6_load|        scalar|
|Bbuf_22_load             |   in|   32|     ap_none|          Bbuf_22_load|        scalar|
|Bbuf_38_load             |   in|   32|     ap_none|          Bbuf_38_load|        scalar|
|Bbuf_54_load             |   in|   32|     ap_none|          Bbuf_54_load|        scalar|
|Abuf_6_load_1            |   in|   32|     ap_none|         Abuf_6_load_1|        scalar|
|Abuf_22_load_1           |   in|   32|     ap_none|        Abuf_22_load_1|        scalar|
|Abuf_38_load_1           |   in|   32|     ap_none|        Abuf_38_load_1|        scalar|
|Abuf_54_load_1           |   in|   32|     ap_none|        Abuf_54_load_1|        scalar|
|Bbuf_6_load_1            |   in|   32|     ap_none|         Bbuf_6_load_1|        scalar|
|Bbuf_22_load_1           |   in|   32|     ap_none|        Bbuf_22_load_1|        scalar|
|Bbuf_38_load_1           |   in|   32|     ap_none|        Bbuf_38_load_1|        scalar|
|Bbuf_54_load_1           |   in|   32|     ap_none|        Bbuf_54_load_1|        scalar|
|Abuf_7_load              |   in|   32|     ap_none|           Abuf_7_load|        scalar|
|Abuf_23_load             |   in|   32|     ap_none|          Abuf_23_load|        scalar|
|Abuf_39_load             |   in|   32|     ap_none|          Abuf_39_load|        scalar|
|Abuf_55_load             |   in|   32|     ap_none|          Abuf_55_load|        scalar|
|Bbuf_7_load              |   in|   32|     ap_none|           Bbuf_7_load|        scalar|
|Bbuf_23_load             |   in|   32|     ap_none|          Bbuf_23_load|        scalar|
|Bbuf_39_load             |   in|   32|     ap_none|          Bbuf_39_load|        scalar|
|Bbuf_55_load             |   in|   32|     ap_none|          Bbuf_55_load|        scalar|
|Abuf_7_load_1            |   in|   32|     ap_none|         Abuf_7_load_1|        scalar|
|Abuf_23_load_1           |   in|   32|     ap_none|        Abuf_23_load_1|        scalar|
|Abuf_39_load_1           |   in|   32|     ap_none|        Abuf_39_load_1|        scalar|
|Abuf_55_load_1           |   in|   32|     ap_none|        Abuf_55_load_1|        scalar|
|Bbuf_7_load_1            |   in|   32|     ap_none|         Bbuf_7_load_1|        scalar|
|Bbuf_23_load_1           |   in|   32|     ap_none|        Bbuf_23_load_1|        scalar|
|Bbuf_39_load_1           |   in|   32|     ap_none|        Bbuf_39_load_1|        scalar|
|Bbuf_55_load_1           |   in|   32|     ap_none|        Bbuf_55_load_1|        scalar|
|Abuf_8_load              |   in|   32|     ap_none|           Abuf_8_load|        scalar|
|Abuf_24_load             |   in|   32|     ap_none|          Abuf_24_load|        scalar|
|Abuf_40_load             |   in|   32|     ap_none|          Abuf_40_load|        scalar|
|Abuf_56_load             |   in|   32|     ap_none|          Abuf_56_load|        scalar|
|Bbuf_8_load              |   in|   32|     ap_none|           Bbuf_8_load|        scalar|
|Bbuf_24_load             |   in|   32|     ap_none|          Bbuf_24_load|        scalar|
|Bbuf_40_load             |   in|   32|     ap_none|          Bbuf_40_load|        scalar|
|Bbuf_56_load             |   in|   32|     ap_none|          Bbuf_56_load|        scalar|
|Abuf_8_load_1            |   in|   32|     ap_none|         Abuf_8_load_1|        scalar|
|Abuf_24_load_1           |   in|   32|     ap_none|        Abuf_24_load_1|        scalar|
|Abuf_40_load_1           |   in|   32|     ap_none|        Abuf_40_load_1|        scalar|
|Abuf_56_load_1           |   in|   32|     ap_none|        Abuf_56_load_1|        scalar|
|Bbuf_8_load_1            |   in|   32|     ap_none|         Bbuf_8_load_1|        scalar|
|Bbuf_24_load_1           |   in|   32|     ap_none|        Bbuf_24_load_1|        scalar|
|Bbuf_40_load_1           |   in|   32|     ap_none|        Bbuf_40_load_1|        scalar|
|Bbuf_56_load_1           |   in|   32|     ap_none|        Bbuf_56_load_1|        scalar|
|Abuf_9_load              |   in|   32|     ap_none|           Abuf_9_load|        scalar|
|Abuf_25_load             |   in|   32|     ap_none|          Abuf_25_load|        scalar|
|Abuf_41_load             |   in|   32|     ap_none|          Abuf_41_load|        scalar|
|Abuf_57_load             |   in|   32|     ap_none|          Abuf_57_load|        scalar|
|Bbuf_9_load              |   in|   32|     ap_none|           Bbuf_9_load|        scalar|
|Bbuf_25_load             |   in|   32|     ap_none|          Bbuf_25_load|        scalar|
|Bbuf_41_load             |   in|   32|     ap_none|          Bbuf_41_load|        scalar|
|Bbuf_57_load             |   in|   32|     ap_none|          Bbuf_57_load|        scalar|
|Abuf_9_load_1            |   in|   32|     ap_none|         Abuf_9_load_1|        scalar|
|Abuf_25_load_1           |   in|   32|     ap_none|        Abuf_25_load_1|        scalar|
|Abuf_41_load_1           |   in|   32|     ap_none|        Abuf_41_load_1|        scalar|
|Abuf_57_load_1           |   in|   32|     ap_none|        Abuf_57_load_1|        scalar|
|Bbuf_9_load_1            |   in|   32|     ap_none|         Bbuf_9_load_1|        scalar|
|Bbuf_25_load_1           |   in|   32|     ap_none|        Bbuf_25_load_1|        scalar|
|Bbuf_41_load_1           |   in|   32|     ap_none|        Bbuf_41_load_1|        scalar|
|Bbuf_57_load_1           |   in|   32|     ap_none|        Bbuf_57_load_1|        scalar|
|Abuf_10_load             |   in|   32|     ap_none|          Abuf_10_load|        scalar|
|Abuf_26_load             |   in|   32|     ap_none|          Abuf_26_load|        scalar|
|Abuf_42_load             |   in|   32|     ap_none|          Abuf_42_load|        scalar|
|Abuf_58_load             |   in|   32|     ap_none|          Abuf_58_load|        scalar|
|Bbuf_10_load             |   in|   32|     ap_none|          Bbuf_10_load|        scalar|
|Bbuf_26_load             |   in|   32|     ap_none|          Bbuf_26_load|        scalar|
|Bbuf_42_load             |   in|   32|     ap_none|          Bbuf_42_load|        scalar|
|Bbuf_58_load             |   in|   32|     ap_none|          Bbuf_58_load|        scalar|
|Abuf_10_load_1           |   in|   32|     ap_none|        Abuf_10_load_1|        scalar|
|Abuf_26_load_1           |   in|   32|     ap_none|        Abuf_26_load_1|        scalar|
|Abuf_42_load_1           |   in|   32|     ap_none|        Abuf_42_load_1|        scalar|
|Abuf_58_load_1           |   in|   32|     ap_none|        Abuf_58_load_1|        scalar|
|Bbuf_10_load_1           |   in|   32|     ap_none|        Bbuf_10_load_1|        scalar|
|Bbuf_26_load_1           |   in|   32|     ap_none|        Bbuf_26_load_1|        scalar|
|Bbuf_42_load_1           |   in|   32|     ap_none|        Bbuf_42_load_1|        scalar|
|Bbuf_58_load_1           |   in|   32|     ap_none|        Bbuf_58_load_1|        scalar|
|Abuf_11_load             |   in|   32|     ap_none|          Abuf_11_load|        scalar|
|Abuf_27_load             |   in|   32|     ap_none|          Abuf_27_load|        scalar|
|Abuf_43_load             |   in|   32|     ap_none|          Abuf_43_load|        scalar|
|Abuf_59_load             |   in|   32|     ap_none|          Abuf_59_load|        scalar|
|Bbuf_11_load             |   in|   32|     ap_none|          Bbuf_11_load|        scalar|
|Bbuf_27_load             |   in|   32|     ap_none|          Bbuf_27_load|        scalar|
|Bbuf_43_load             |   in|   32|     ap_none|          Bbuf_43_load|        scalar|
|Bbuf_59_load             |   in|   32|     ap_none|          Bbuf_59_load|        scalar|
|Abuf_11_load_1           |   in|   32|     ap_none|        Abuf_11_load_1|        scalar|
|Abuf_27_load_1           |   in|   32|     ap_none|        Abuf_27_load_1|        scalar|
|Abuf_43_load_1           |   in|   32|     ap_none|        Abuf_43_load_1|        scalar|
|Abuf_59_load_1           |   in|   32|     ap_none|        Abuf_59_load_1|        scalar|
|Bbuf_11_load_1           |   in|   32|     ap_none|        Bbuf_11_load_1|        scalar|
|Bbuf_27_load_1           |   in|   32|     ap_none|        Bbuf_27_load_1|        scalar|
|Bbuf_43_load_1           |   in|   32|     ap_none|        Bbuf_43_load_1|        scalar|
|Bbuf_59_load_1           |   in|   32|     ap_none|        Bbuf_59_load_1|        scalar|
|Abuf_12_load             |   in|   32|     ap_none|          Abuf_12_load|        scalar|
|Abuf_28_load             |   in|   32|     ap_none|          Abuf_28_load|        scalar|
|Abuf_44_load             |   in|   32|     ap_none|          Abuf_44_load|        scalar|
|Abuf_60_load             |   in|   32|     ap_none|          Abuf_60_load|        scalar|
|Bbuf_12_load             |   in|   32|     ap_none|          Bbuf_12_load|        scalar|
|Bbuf_28_load             |   in|   32|     ap_none|          Bbuf_28_load|        scalar|
|Bbuf_44_load             |   in|   32|     ap_none|          Bbuf_44_load|        scalar|
|Bbuf_60_load             |   in|   32|     ap_none|          Bbuf_60_load|        scalar|
|Abuf_12_load_1           |   in|   32|     ap_none|        Abuf_12_load_1|        scalar|
|Abuf_28_load_1           |   in|   32|     ap_none|        Abuf_28_load_1|        scalar|
|Abuf_44_load_1           |   in|   32|     ap_none|        Abuf_44_load_1|        scalar|
|Abuf_60_load_1           |   in|   32|     ap_none|        Abuf_60_load_1|        scalar|
|Bbuf_12_load_1           |   in|   32|     ap_none|        Bbuf_12_load_1|        scalar|
|Bbuf_28_load_1           |   in|   32|     ap_none|        Bbuf_28_load_1|        scalar|
|Bbuf_44_load_1           |   in|   32|     ap_none|        Bbuf_44_load_1|        scalar|
|Bbuf_60_load_1           |   in|   32|     ap_none|        Bbuf_60_load_1|        scalar|
|Abuf_13_load             |   in|   32|     ap_none|          Abuf_13_load|        scalar|
|Abuf_29_load             |   in|   32|     ap_none|          Abuf_29_load|        scalar|
|Abuf_45_load             |   in|   32|     ap_none|          Abuf_45_load|        scalar|
|Abuf_61_load             |   in|   32|     ap_none|          Abuf_61_load|        scalar|
|Bbuf_13_load             |   in|   32|     ap_none|          Bbuf_13_load|        scalar|
|Bbuf_29_load             |   in|   32|     ap_none|          Bbuf_29_load|        scalar|
|Bbuf_45_load             |   in|   32|     ap_none|          Bbuf_45_load|        scalar|
|Bbuf_61_load             |   in|   32|     ap_none|          Bbuf_61_load|        scalar|
|Abuf_13_load_1           |   in|   32|     ap_none|        Abuf_13_load_1|        scalar|
|Abuf_29_load_1           |   in|   32|     ap_none|        Abuf_29_load_1|        scalar|
|Abuf_45_load_1           |   in|   32|     ap_none|        Abuf_45_load_1|        scalar|
|Abuf_61_load_1           |   in|   32|     ap_none|        Abuf_61_load_1|        scalar|
|Bbuf_13_load_1           |   in|   32|     ap_none|        Bbuf_13_load_1|        scalar|
|Bbuf_29_load_1           |   in|   32|     ap_none|        Bbuf_29_load_1|        scalar|
|Bbuf_45_load_1           |   in|   32|     ap_none|        Bbuf_45_load_1|        scalar|
|Bbuf_61_load_1           |   in|   32|     ap_none|        Bbuf_61_load_1|        scalar|
|Abuf_14_load             |   in|   32|     ap_none|          Abuf_14_load|        scalar|
|Abuf_30_load             |   in|   32|     ap_none|          Abuf_30_load|        scalar|
|Abuf_46_load             |   in|   32|     ap_none|          Abuf_46_load|        scalar|
|Abuf_62_load             |   in|   32|     ap_none|          Abuf_62_load|        scalar|
|Bbuf_14_load             |   in|   32|     ap_none|          Bbuf_14_load|        scalar|
|Bbuf_30_load             |   in|   32|     ap_none|          Bbuf_30_load|        scalar|
|Bbuf_46_load             |   in|   32|     ap_none|          Bbuf_46_load|        scalar|
|Bbuf_62_load             |   in|   32|     ap_none|          Bbuf_62_load|        scalar|
|Abuf_14_load_1           |   in|   32|     ap_none|        Abuf_14_load_1|        scalar|
|Abuf_30_load_1           |   in|   32|     ap_none|        Abuf_30_load_1|        scalar|
|Abuf_46_load_1           |   in|   32|     ap_none|        Abuf_46_load_1|        scalar|
|Abuf_62_load_1           |   in|   32|     ap_none|        Abuf_62_load_1|        scalar|
|Bbuf_14_load_1           |   in|   32|     ap_none|        Bbuf_14_load_1|        scalar|
|Bbuf_30_load_1           |   in|   32|     ap_none|        Bbuf_30_load_1|        scalar|
|Bbuf_46_load_1           |   in|   32|     ap_none|        Bbuf_46_load_1|        scalar|
|Bbuf_62_load_1           |   in|   32|     ap_none|        Bbuf_62_load_1|        scalar|
|Abuf_15_load             |   in|   32|     ap_none|          Abuf_15_load|        scalar|
|Abuf_31_load             |   in|   32|     ap_none|          Abuf_31_load|        scalar|
|Abuf_47_load             |   in|   32|     ap_none|          Abuf_47_load|        scalar|
|Abuf_63_load             |   in|   32|     ap_none|          Abuf_63_load|        scalar|
|Bbuf_15_load             |   in|   32|     ap_none|          Bbuf_15_load|        scalar|
|Bbuf_31_load             |   in|   32|     ap_none|          Bbuf_31_load|        scalar|
|Bbuf_47_load             |   in|   32|     ap_none|          Bbuf_47_load|        scalar|
|Bbuf_63_load             |   in|   32|     ap_none|          Bbuf_63_load|        scalar|
|Abuf_15_load_1           |   in|   32|     ap_none|        Abuf_15_load_1|        scalar|
|Abuf_31_load_1           |   in|   32|     ap_none|        Abuf_31_load_1|        scalar|
|Abuf_47_load_1           |   in|   32|     ap_none|        Abuf_47_load_1|        scalar|
|Abuf_63_load_1           |   in|   32|     ap_none|        Abuf_63_load_1|        scalar|
|Bbuf_15_load_1           |   in|   32|     ap_none|        Bbuf_15_load_1|        scalar|
|Bbuf_31_load_1           |   in|   32|     ap_none|        Bbuf_31_load_1|        scalar|
|Bbuf_47_load_1           |   in|   32|     ap_none|        Bbuf_47_load_1|        scalar|
|Bbuf_63_load_1           |   in|   32|     ap_none|        Bbuf_63_load_1|        scalar|
|result_buf_1_out         |  out|  128|      ap_vld|      result_buf_1_out|       pointer|
|result_buf_1_out_ap_vld  |  out|    1|      ap_vld|      result_buf_1_out|       pointer|
+-------------------------+-----+-----+------------+----------------------+--------------+

