

================================================================
== Vitis HLS Report for 'mmult_Pipeline_LOOP3_LOOP4'
================================================================
* Date:           Fri Apr 19 11:04:57 2024

* Version:        2023.2 (Build 4023990 on Oct 11 2023)
* Project:        mmult
* Solution:       sol-mmult-def (Vivado IP Flow Target)
* Product family: zynq
* Target device:  xc7z020i-clg400-1L


================================================================
== Performance Estimates
================================================================
+ Timing: 
    * Summary: 
    +--------+----------+----------+------------+
    |  Clock |  Target  | Estimated| Uncertainty|
    +--------+----------+----------+------------+
    |ap_clk  |  10.00 ns|  8.014 ns|     2.70 ns|
    +--------+----------+----------+------------+

+ Latency: 
    * Summary: 
    +---------+---------+-----------+-----------+------+------+---------+
    |  Latency (cycles) |   Latency (absolute)  |   Interval  | Pipeline|
    |   min   |   max   |    min    |    max    |  min |  max |   Type  |
    +---------+---------+-----------+-----------+------+------+---------+
    |     1191|     1191|  11.910 us|  11.910 us|  1191|  1191|       no|
    +---------+---------+-----------+-----------+------+------+---------+

    + Detail: 
        * Instance: 
        N/A

        * Loop: 
        +---------------+---------+---------+----------+-----------+-----------+------+----------+
        |               |  Latency (cycles) | Iteration|  Initiation Interval  | Trip |          |
        |   Loop Name   |   min   |   max   |  Latency |  achieved |   target  | Count| Pipelined|
        +---------------+---------+---------+----------+-----------+-----------+------+----------+
        |- LOOP3_LOOP4  |     1189|     1189|       167|          1|          1|  1024|       yes|
        +---------------+---------+---------+----------+-----------+-----------+------+----------+



================================================================
== Utilization Estimates
================================================================
* Summary: 
+-----------------+---------+-----+--------+-------+-----+
|       Name      | BRAM_18K| DSP |   FF   |  LUT  | URAM|
+-----------------+---------+-----+--------+-------+-----+
|DSP              |        -|    -|       -|      -|    -|
|Expression       |        -|    -|       0|    101|    -|
|FIFO             |        -|    -|       -|      -|    -|
|Instance         |        -|  160|   11136|  22752|    -|
|Memory           |        -|    -|       -|      -|    -|
|Multiplexer      |        -|    -|       -|     81|    -|
|Register         |        -|    -|    6379|    896|    -|
+-----------------+---------+-----+--------+-------+-----+
|Total            |        0|  160|   17515|  23830|    0|
+-----------------+---------+-----+--------+-------+-----+
|Available        |      280|  220|  106400|  53200|    0|
+-----------------+---------+-----+--------+-------+-----+
|Utilization (%)  |        0|   72|      16|     44|    0|
+-----------------+---------+-----+--------+-------+-----+

+ Detail: 
    * Instance: 
    +------------------------------------+--------------------------------+---------+----+-----+-----+-----+
    |              Instance              |             Module             | BRAM_18K| DSP|  FF | LUT | URAM|
    +------------------------------------+--------------------------------+---------+----+-----+-----+-----+
    |fadd_32ns_32ns_32_5_full_dsp_1_U37  |fadd_32ns_32ns_32_5_full_dsp_1  |        0|   2|  205|  390|    0|
    |fadd_32ns_32ns_32_5_full_dsp_1_U38  |fadd_32ns_32ns_32_5_full_dsp_1  |        0|   2|  205|  390|    0|
    |fadd_32ns_32ns_32_5_full_dsp_1_U39  |fadd_32ns_32ns_32_5_full_dsp_1  |        0|   2|  205|  390|    0|
    |fadd_32ns_32ns_32_5_full_dsp_1_U40  |fadd_32ns_32ns_32_5_full_dsp_1  |        0|   2|  205|  390|    0|
    |fadd_32ns_32ns_32_5_full_dsp_1_U41  |fadd_32ns_32ns_32_5_full_dsp_1  |        0|   2|  205|  390|    0|
    |fadd_32ns_32ns_32_5_full_dsp_1_U42  |fadd_32ns_32ns_32_5_full_dsp_1  |        0|   2|  205|  390|    0|
    |fadd_32ns_32ns_32_5_full_dsp_1_U43  |fadd_32ns_32ns_32_5_full_dsp_1  |        0|   2|  205|  390|    0|
    |fadd_32ns_32ns_32_5_full_dsp_1_U44  |fadd_32ns_32ns_32_5_full_dsp_1  |        0|   2|  205|  390|    0|
    |fadd_32ns_32ns_32_5_full_dsp_1_U45  |fadd_32ns_32ns_32_5_full_dsp_1  |        0|   2|  205|  390|    0|
    |fadd_32ns_32ns_32_5_full_dsp_1_U46  |fadd_32ns_32ns_32_5_full_dsp_1  |        0|   2|  205|  390|    0|
    |fadd_32ns_32ns_32_5_full_dsp_1_U47  |fadd_32ns_32ns_32_5_full_dsp_1  |        0|   2|  205|  390|    0|
    |fadd_32ns_32ns_32_5_full_dsp_1_U48  |fadd_32ns_32ns_32_5_full_dsp_1  |        0|   2|  205|  390|    0|
    |fadd_32ns_32ns_32_5_full_dsp_1_U49  |fadd_32ns_32ns_32_5_full_dsp_1  |        0|   2|  205|  390|    0|
    |fadd_32ns_32ns_32_5_full_dsp_1_U50  |fadd_32ns_32ns_32_5_full_dsp_1  |        0|   2|  205|  390|    0|
    |fadd_32ns_32ns_32_5_full_dsp_1_U51  |fadd_32ns_32ns_32_5_full_dsp_1  |        0|   2|  205|  390|    0|
    |fadd_32ns_32ns_32_5_full_dsp_1_U52  |fadd_32ns_32ns_32_5_full_dsp_1  |        0|   2|  205|  390|    0|
    |fadd_32ns_32ns_32_5_full_dsp_1_U53  |fadd_32ns_32ns_32_5_full_dsp_1  |        0|   2|  205|  390|    0|
    |fadd_32ns_32ns_32_5_full_dsp_1_U54  |fadd_32ns_32ns_32_5_full_dsp_1  |        0|   2|  205|  390|    0|
    |fadd_32ns_32ns_32_5_full_dsp_1_U55  |fadd_32ns_32ns_32_5_full_dsp_1  |        0|   2|  205|  390|    0|
    |fadd_32ns_32ns_32_5_full_dsp_1_U56  |fadd_32ns_32ns_32_5_full_dsp_1  |        0|   2|  205|  390|    0|
    |fadd_32ns_32ns_32_5_full_dsp_1_U57  |fadd_32ns_32ns_32_5_full_dsp_1  |        0|   2|  205|  390|    0|
    |fadd_32ns_32ns_32_5_full_dsp_1_U58  |fadd_32ns_32ns_32_5_full_dsp_1  |        0|   2|  205|  390|    0|
    |fadd_32ns_32ns_32_5_full_dsp_1_U59  |fadd_32ns_32ns_32_5_full_dsp_1  |        0|   2|  205|  390|    0|
    |fadd_32ns_32ns_32_5_full_dsp_1_U60  |fadd_32ns_32ns_32_5_full_dsp_1  |        0|   2|  205|  390|    0|
    |fadd_32ns_32ns_32_5_full_dsp_1_U61  |fadd_32ns_32ns_32_5_full_dsp_1  |        0|   2|  205|  390|    0|
    |fadd_32ns_32ns_32_5_full_dsp_1_U62  |fadd_32ns_32ns_32_5_full_dsp_1  |        0|   2|  205|  390|    0|
    |fadd_32ns_32ns_32_5_full_dsp_1_U63  |fadd_32ns_32ns_32_5_full_dsp_1  |        0|   2|  205|  390|    0|
    |fadd_32ns_32ns_32_5_full_dsp_1_U64  |fadd_32ns_32ns_32_5_full_dsp_1  |        0|   2|  205|  390|    0|
    |fadd_32ns_32ns_32_5_full_dsp_1_U65  |fadd_32ns_32ns_32_5_full_dsp_1  |        0|   2|  205|  390|    0|
    |fadd_32ns_32ns_32_5_full_dsp_1_U66  |fadd_32ns_32ns_32_5_full_dsp_1  |        0|   2|  205|  390|    0|
    |fadd_32ns_32ns_32_5_full_dsp_1_U67  |fadd_32ns_32ns_32_5_full_dsp_1  |        0|   2|  205|  390|    0|
    |fadd_32ns_32ns_32_5_full_dsp_1_U68  |fadd_32ns_32ns_32_5_full_dsp_1  |        0|   2|  205|  390|    0|
    |fmul_32ns_32ns_32_4_max_dsp_1_U69   |fmul_32ns_32ns_32_4_max_dsp_1   |        0|   3|  143|  321|    0|
    |fmul_32ns_32ns_32_4_max_dsp_1_U70   |fmul_32ns_32ns_32_4_max_dsp_1   |        0|   3|  143|  321|    0|
    |fmul_32ns_32ns_32_4_max_dsp_1_U71   |fmul_32ns_32ns_32_4_max_dsp_1   |        0|   3|  143|  321|    0|
    |fmul_32ns_32ns_32_4_max_dsp_1_U72   |fmul_32ns_32ns_32_4_max_dsp_1   |        0|   3|  143|  321|    0|
    |fmul_32ns_32ns_32_4_max_dsp_1_U73   |fmul_32ns_32ns_32_4_max_dsp_1   |        0|   3|  143|  321|    0|
    |fmul_32ns_32ns_32_4_max_dsp_1_U74   |fmul_32ns_32ns_32_4_max_dsp_1   |        0|   3|  143|  321|    0|
    |fmul_32ns_32ns_32_4_max_dsp_1_U75   |fmul_32ns_32ns_32_4_max_dsp_1   |        0|   3|  143|  321|    0|
    |fmul_32ns_32ns_32_4_max_dsp_1_U76   |fmul_32ns_32ns_32_4_max_dsp_1   |        0|   3|  143|  321|    0|
    |fmul_32ns_32ns_32_4_max_dsp_1_U77   |fmul_32ns_32ns_32_4_max_dsp_1   |        0|   3|  143|  321|    0|
    |fmul_32ns_32ns_32_4_max_dsp_1_U78   |fmul_32ns_32ns_32_4_max_dsp_1   |        0|   3|  143|  321|    0|
    |fmul_32ns_32ns_32_4_max_dsp_1_U79   |fmul_32ns_32ns_32_4_max_dsp_1   |        0|   3|  143|  321|    0|
    |fmul_32ns_32ns_32_4_max_dsp_1_U80   |fmul_32ns_32ns_32_4_max_dsp_1   |        0|   3|  143|  321|    0|
    |fmul_32ns_32ns_32_4_max_dsp_1_U81   |fmul_32ns_32ns_32_4_max_dsp_1   |        0|   3|  143|  321|    0|
    |fmul_32ns_32ns_32_4_max_dsp_1_U82   |fmul_32ns_32ns_32_4_max_dsp_1   |        0|   3|  143|  321|    0|
    |fmul_32ns_32ns_32_4_max_dsp_1_U83   |fmul_32ns_32ns_32_4_max_dsp_1   |        0|   3|  143|  321|    0|
    |fmul_32ns_32ns_32_4_max_dsp_1_U84   |fmul_32ns_32ns_32_4_max_dsp_1   |        0|   3|  143|  321|    0|
    |fmul_32ns_32ns_32_4_max_dsp_1_U85   |fmul_32ns_32ns_32_4_max_dsp_1   |        0|   3|  143|  321|    0|
    |fmul_32ns_32ns_32_4_max_dsp_1_U86   |fmul_32ns_32ns_32_4_max_dsp_1   |        0|   3|  143|  321|    0|
    |fmul_32ns_32ns_32_4_max_dsp_1_U87   |fmul_32ns_32ns_32_4_max_dsp_1   |        0|   3|  143|  321|    0|
    |fmul_32ns_32ns_32_4_max_dsp_1_U88   |fmul_32ns_32ns_32_4_max_dsp_1   |        0|   3|  143|  321|    0|
    |fmul_32ns_32ns_32_4_max_dsp_1_U89   |fmul_32ns_32ns_32_4_max_dsp_1   |        0|   3|  143|  321|    0|
    |fmul_32ns_32ns_32_4_max_dsp_1_U90   |fmul_32ns_32ns_32_4_max_dsp_1   |        0|   3|  143|  321|    0|
    |fmul_32ns_32ns_32_4_max_dsp_1_U91   |fmul_32ns_32ns_32_4_max_dsp_1   |        0|   3|  143|  321|    0|
    |fmul_32ns_32ns_32_4_max_dsp_1_U92   |fmul_32ns_32ns_32_4_max_dsp_1   |        0|   3|  143|  321|    0|
    |fmul_32ns_32ns_32_4_max_dsp_1_U93   |fmul_32ns_32ns_32_4_max_dsp_1   |        0|   3|  143|  321|    0|
    |fmul_32ns_32ns_32_4_max_dsp_1_U94   |fmul_32ns_32ns_32_4_max_dsp_1   |        0|   3|  143|  321|    0|
    |fmul_32ns_32ns_32_4_max_dsp_1_U95   |fmul_32ns_32ns_32_4_max_dsp_1   |        0|   3|  143|  321|    0|
    |fmul_32ns_32ns_32_4_max_dsp_1_U96   |fmul_32ns_32ns_32_4_max_dsp_1   |        0|   3|  143|  321|    0|
    |fmul_32ns_32ns_32_4_max_dsp_1_U97   |fmul_32ns_32ns_32_4_max_dsp_1   |        0|   3|  143|  321|    0|
    |fmul_32ns_32ns_32_4_max_dsp_1_U98   |fmul_32ns_32ns_32_4_max_dsp_1   |        0|   3|  143|  321|    0|
    |fmul_32ns_32ns_32_4_max_dsp_1_U99   |fmul_32ns_32ns_32_4_max_dsp_1   |        0|   3|  143|  321|    0|
    |fmul_32ns_32ns_32_4_max_dsp_1_U100  |fmul_32ns_32ns_32_4_max_dsp_1   |        0|   3|  143|  321|    0|
    +------------------------------------+--------------------------------+---------+----+-----+-----+-----+
    |Total                               |                                |        0| 160|11136|22752|    0|
    +------------------------------------+--------------------------------+---------+----+-----+-----+-----+

    * DSP: 
    N/A

    * Memory: 
    N/A

    * FIFO: 
    N/A

    * Expression: 
    +---------------------------+----------+----+---+----+------------+------------+
    |       Variable Name       | Operation| DSP| FF| LUT| Bitwidth P0| Bitwidth P1|
    +---------------------------+----------+----+---+----+------------+------------+
    |add_ln37_1_fu_1354_p2      |         +|   0|  0|  12|          11|           1|
    |add_ln37_fu_1366_p2        |         +|   0|  0|  14|           6|           1|
    |add_ln38_fu_1416_p2        |         +|   0|  0|  14|           6|           1|
    |ap_block_pp0_stage0_11001  |       and|   0|  0|   2|           1|           1|
    |ap_block_state167_io       |       and|   0|  0|   2|           1|           1|
    |ap_condition_7996          |       and|   0|  0|   2|           1|           1|
    |icmp_ln37_fu_1348_p2       |      icmp|   0|  0|  12|          11|          12|
    |icmp_ln38_fu_1372_p2       |      icmp|   0|  0|  14|           6|           7|
    |or_ln37_fu_1378_p2         |        or|   0|  0|   2|           1|           1|
    |tmp_4_fu_1446_p2           |        or|   0|  0|   6|           6|           1|
    |select_ln37_1_fu_1392_p3   |    select|   0|  0|   6|           1|           6|
    |select_ln37_fu_1384_p3     |    select|   0|  0|   6|           1|           1|
    |ap_enable_pp0              |       xor|   0|  0|   2|           1|           2|
    |xor_ln42_fu_1456_p2        |       xor|   0|  0|   7|           6|           7|
    +---------------------------+----------+----+---+----+------------+------------+
    |Total                      |          |   0|  0| 101|          59|          43|
    +---------------------------+----------+----+---+----+------------+------------+

    * Multiplexer: 
    +----------------------------------------+----+-----------+-----+-----------+
    |                  Name                  | LUT| Input Size| Bits| Total Bits|
    +----------------------------------------+----+-----------+-----+-----------+
    |C_blk_n_W                               |   9|          2|    1|          2|
    |ap_done_int                             |   9|          2|    1|          2|
    |ap_enable_reg_pp0_iter1                 |   9|          2|    1|          2|
    |ap_sig_allocacmp_i_load                 |   9|          2|    6|         12|
    |ap_sig_allocacmp_indvar_flatten70_load  |   9|          2|   11|         22|
    |ap_sig_allocacmp_j_load                 |   9|          2|    6|         12|
    |i_fu_128                                |   9|          2|    6|         12|
    |indvar_flatten70_fu_132                 |   9|          2|   11|         22|
    |j_fu_124                                |   9|          2|    6|         12|
    +----------------------------------------+----+-----------+-----+-----------+
    |Total                                   |  81|         18|   49|         98|
    +----------------------------------------+----+-----------+-----+-----------+

    * Register: 
    +------------------------------------+----+----+-----+-----------+
    |                Name                | FF | LUT| Bits| Const Bits|
    +------------------------------------+----+----+-----+-----------+
    |Abuf_10_addr_1_reg_2457             |   5|   0|    6|          1|
    |Abuf_10_addr_reg_2377               |   5|   0|    6|          1|
    |Abuf_10_load23_fu_180               |  32|   0|   32|          0|
    |Abuf_10_load_121_fu_176             |  32|   0|   32|          0|
    |Abuf_11_addr_1_reg_2462             |   5|   0|    6|          1|
    |Abuf_11_addr_reg_2382               |   5|   0|    6|          1|
    |Abuf_11_load19_fu_172               |  32|   0|   32|          0|
    |Abuf_11_load_117_fu_168             |  32|   0|   32|          0|
    |Abuf_12_addr_1_reg_2467             |   5|   0|    6|          1|
    |Abuf_12_addr_reg_2387               |   5|   0|    6|          1|
    |Abuf_12_load15_fu_164               |  32|   0|   32|          0|
    |Abuf_12_load_113_fu_160             |  32|   0|   32|          0|
    |Abuf_13_addr_1_reg_2472             |   5|   0|    6|          1|
    |Abuf_13_addr_reg_2392               |   5|   0|    6|          1|
    |Abuf_13_load11_fu_156               |  32|   0|   32|          0|
    |Abuf_13_load_19_fu_152              |  32|   0|   32|          0|
    |Abuf_14_addr_1_reg_2477             |   5|   0|    6|          1|
    |Abuf_14_addr_reg_2397               |   5|   0|    6|          1|
    |Abuf_14_load7_fu_148                |  32|   0|   32|          0|
    |Abuf_14_load_15_fu_144              |  32|   0|   32|          0|
    |Abuf_15_addr_1_reg_2482             |   5|   0|    6|          1|
    |Abuf_15_addr_reg_2402               |   5|   0|    6|          1|
    |Abuf_15_load3_fu_140                |  32|   0|   32|          0|
    |Abuf_15_load_11_fu_136              |  32|   0|   32|          0|
    |Abuf_1_load59_fu_252                |  32|   0|   32|          0|
    |Abuf_1_load_157_fu_248              |  32|   0|   32|          0|
    |Abuf_2_load55_fu_244                |  32|   0|   32|          0|
    |Abuf_2_load_153_fu_240              |  32|   0|   32|          0|
    |Abuf_3_load51_fu_236                |  32|   0|   32|          0|
    |Abuf_3_load_149_fu_232              |  32|   0|   32|          0|
    |Abuf_4_load47_fu_228                |  32|   0|   32|          0|
    |Abuf_4_load_145_fu_224              |  32|   0|   32|          0|
    |Abuf_5_load43_fu_220                |  32|   0|   32|          0|
    |Abuf_5_load_141_fu_216              |  32|   0|   32|          0|
    |Abuf_6_addr_1_reg_2437              |   5|   0|    6|          1|
    |Abuf_6_addr_reg_2357                |   5|   0|    6|          1|
    |Abuf_6_load39_fu_212                |  32|   0|   32|          0|
    |Abuf_6_load_137_fu_208              |  32|   0|   32|          0|
    |Abuf_7_addr_1_reg_2442              |   5|   0|    6|          1|
    |Abuf_7_addr_reg_2362                |   5|   0|    6|          1|
    |Abuf_7_load35_fu_204                |  32|   0|   32|          0|
    |Abuf_7_load_133_fu_200              |  32|   0|   32|          0|
    |Abuf_8_addr_1_reg_2447              |   5|   0|    6|          1|
    |Abuf_8_addr_reg_2367                |   5|   0|    6|          1|
    |Abuf_8_load31_fu_196                |  32|   0|   32|          0|
    |Abuf_8_load_129_fu_192              |  32|   0|   32|          0|
    |Abuf_9_addr_1_reg_2452              |   5|   0|    6|          1|
    |Abuf_9_addr_reg_2372                |   5|   0|    6|          1|
    |Abuf_9_load27_fu_188                |  32|   0|   32|          0|
    |Abuf_9_load_125_fu_184              |  32|   0|   32|          0|
    |Abuf_load63_fu_260                  |  32|   0|   32|          0|
    |Abuf_load_161_fu_256                |  32|   0|   32|          0|
    |Bbuf_10_load_1_reg_2752             |  32|   0|   32|          0|
    |Bbuf_10_load_reg_2727               |  32|   0|   32|          0|
    |Bbuf_11_load_1_reg_2802             |  32|   0|   32|          0|
    |Bbuf_11_load_reg_2777               |  32|   0|   32|          0|
    |Bbuf_12_load_1_reg_2852             |  32|   0|   32|          0|
    |Bbuf_12_load_reg_2827               |  32|   0|   32|          0|
    |Bbuf_13_load_1_reg_2902             |  32|   0|   32|          0|
    |Bbuf_13_load_reg_2877               |  32|   0|   32|          0|
    |Bbuf_14_load_1_reg_2952             |  32|   0|   32|          0|
    |Bbuf_14_load_reg_2927               |  32|   0|   32|          0|
    |Bbuf_15_load_1_reg_3002             |  32|   0|   32|          0|
    |Bbuf_15_load_reg_2977               |  32|   0|   32|          0|
    |Bbuf_1_load_1_reg_2162              |  32|   0|   32|          0|
    |Bbuf_1_load_reg_2132                |  32|   0|   32|          0|
    |Bbuf_2_load_1_reg_2222              |  32|   0|   32|          0|
    |Bbuf_2_load_reg_2192                |  32|   0|   32|          0|
    |Bbuf_3_load_1_reg_2282              |  32|   0|   32|          0|
    |Bbuf_3_load_reg_2252                |  32|   0|   32|          0|
    |Bbuf_4_load_1_reg_2342              |  32|   0|   32|          0|
    |Bbuf_4_load_reg_2312                |  32|   0|   32|          0|
    |Bbuf_5_load_1_reg_2502              |  32|   0|   32|          0|
    |Bbuf_5_load_reg_2422                |  32|   0|   32|          0|
    |Bbuf_6_load_1_reg_2552              |  32|   0|   32|          0|
    |Bbuf_6_load_reg_2527                |  32|   0|   32|          0|
    |Bbuf_7_load_1_reg_2602              |  32|   0|   32|          0|
    |Bbuf_7_load_reg_2577                |  32|   0|   32|          0|
    |Bbuf_8_load_1_reg_2652              |  32|   0|   32|          0|
    |Bbuf_8_load_reg_2627                |  32|   0|   32|          0|
    |Bbuf_9_load_1_reg_2702              |  32|   0|   32|          0|
    |Bbuf_9_load_reg_2677                |  32|   0|   32|          0|
    |Bbuf_load_1_reg_2102                |  32|   0|   32|          0|
    |Bbuf_load_reg_2039                  |  32|   0|   32|          0|
    |ap_CS_fsm                           |   1|   0|    1|          0|
    |ap_done_reg                         |   1|   0|    1|          0|
    |ap_enable_reg_pp0_iter1             |   1|   0|    1|          0|
    |ap_enable_reg_pp0_iter10            |   1|   0|    1|          0|
    |ap_enable_reg_pp0_iter100           |   1|   0|    1|          0|
    |ap_enable_reg_pp0_iter101           |   1|   0|    1|          0|
    |ap_enable_reg_pp0_iter102           |   1|   0|    1|          0|
    |ap_enable_reg_pp0_iter103           |   1|   0|    1|          0|
    |ap_enable_reg_pp0_iter104           |   1|   0|    1|          0|
    |ap_enable_reg_pp0_iter105           |   1|   0|    1|          0|
    |ap_enable_reg_pp0_iter106           |   1|   0|    1|          0|
    |ap_enable_reg_pp0_iter107           |   1|   0|    1|          0|
    |ap_enable_reg_pp0_iter108           |   1|   0|    1|          0|
    |ap_enable_reg_pp0_iter109           |   1|   0|    1|          0|
    |ap_enable_reg_pp0_iter11            |   1|   0|    1|          0|
    |ap_enable_reg_pp0_iter110           |   1|   0|    1|          0|
    |ap_enable_reg_pp0_iter111           |   1|   0|    1|          0|
    |ap_enable_reg_pp0_iter112           |   1|   0|    1|          0|
    |ap_enable_reg_pp0_iter113           |   1|   0|    1|          0|
    |ap_enable_reg_pp0_iter114           |   1|   0|    1|          0|
    |ap_enable_reg_pp0_iter115           |   1|   0|    1|          0|
    |ap_enable_reg_pp0_iter116           |   1|   0|    1|          0|
    |ap_enable_reg_pp0_iter117           |   1|   0|    1|          0|
    |ap_enable_reg_pp0_iter118           |   1|   0|    1|          0|
    |ap_enable_reg_pp0_iter119           |   1|   0|    1|          0|
    |ap_enable_reg_pp0_iter12            |   1|   0|    1|          0|
    |ap_enable_reg_pp0_iter120           |   1|   0|    1|          0|
    |ap_enable_reg_pp0_iter121           |   1|   0|    1|          0|
    |ap_enable_reg_pp0_iter122           |   1|   0|    1|          0|
    |ap_enable_reg_pp0_iter123           |   1|   0|    1|          0|
    |ap_enable_reg_pp0_iter124           |   1|   0|    1|          0|
    |ap_enable_reg_pp0_iter125           |   1|   0|    1|          0|
    |ap_enable_reg_pp0_iter126           |   1|   0|    1|          0|
    |ap_enable_reg_pp0_iter127           |   1|   0|    1|          0|
    |ap_enable_reg_pp0_iter128           |   1|   0|    1|          0|
    |ap_enable_reg_pp0_iter129           |   1|   0|    1|          0|
    |ap_enable_reg_pp0_iter13            |   1|   0|    1|          0|
    |ap_enable_reg_pp0_iter130           |   1|   0|    1|          0|
    |ap_enable_reg_pp0_iter131           |   1|   0|    1|          0|
    |ap_enable_reg_pp0_iter132           |   1|   0|    1|          0|
    |ap_enable_reg_pp0_iter133           |   1|   0|    1|          0|
    |ap_enable_reg_pp0_iter134           |   1|   0|    1|          0|
    |ap_enable_reg_pp0_iter135           |   1|   0|    1|          0|
    |ap_enable_reg_pp0_iter136           |   1|   0|    1|          0|
    |ap_enable_reg_pp0_iter137           |   1|   0|    1|          0|
    |ap_enable_reg_pp0_iter138           |   1|   0|    1|          0|
    |ap_enable_reg_pp0_iter139           |   1|   0|    1|          0|
    |ap_enable_reg_pp0_iter14            |   1|   0|    1|          0|
    |ap_enable_reg_pp0_iter140           |   1|   0|    1|          0|
    |ap_enable_reg_pp0_iter141           |   1|   0|    1|          0|
    |ap_enable_reg_pp0_iter142           |   1|   0|    1|          0|
    |ap_enable_reg_pp0_iter143           |   1|   0|    1|          0|
    |ap_enable_reg_pp0_iter144           |   1|   0|    1|          0|
    |ap_enable_reg_pp0_iter145           |   1|   0|    1|          0|
    |ap_enable_reg_pp0_iter146           |   1|   0|    1|          0|
    |ap_enable_reg_pp0_iter147           |   1|   0|    1|          0|
    |ap_enable_reg_pp0_iter148           |   1|   0|    1|          0|
    |ap_enable_reg_pp0_iter149           |   1|   0|    1|          0|
    |ap_enable_reg_pp0_iter15            |   1|   0|    1|          0|
    |ap_enable_reg_pp0_iter150           |   1|   0|    1|          0|
    |ap_enable_reg_pp0_iter151           |   1|   0|    1|          0|
    |ap_enable_reg_pp0_iter152           |   1|   0|    1|          0|
    |ap_enable_reg_pp0_iter153           |   1|   0|    1|          0|
    |ap_enable_reg_pp0_iter154           |   1|   0|    1|          0|
    |ap_enable_reg_pp0_iter155           |   1|   0|    1|          0|
    |ap_enable_reg_pp0_iter156           |   1|   0|    1|          0|
    |ap_enable_reg_pp0_iter157           |   1|   0|    1|          0|
    |ap_enable_reg_pp0_iter158           |   1|   0|    1|          0|
    |ap_enable_reg_pp0_iter159           |   1|   0|    1|          0|
    |ap_enable_reg_pp0_iter16            |   1|   0|    1|          0|
    |ap_enable_reg_pp0_iter160           |   1|   0|    1|          0|
    |ap_enable_reg_pp0_iter161           |   1|   0|    1|          0|
    |ap_enable_reg_pp0_iter162           |   1|   0|    1|          0|
    |ap_enable_reg_pp0_iter163           |   1|   0|    1|          0|
    |ap_enable_reg_pp0_iter164           |   1|   0|    1|          0|
    |ap_enable_reg_pp0_iter165           |   1|   0|    1|          0|
    |ap_enable_reg_pp0_iter166           |   1|   0|    1|          0|
    |ap_enable_reg_pp0_iter17            |   1|   0|    1|          0|
    |ap_enable_reg_pp0_iter18            |   1|   0|    1|          0|
    |ap_enable_reg_pp0_iter19            |   1|   0|    1|          0|
    |ap_enable_reg_pp0_iter2             |   1|   0|    1|          0|
    |ap_enable_reg_pp0_iter20            |   1|   0|    1|          0|
    |ap_enable_reg_pp0_iter21            |   1|   0|    1|          0|
    |ap_enable_reg_pp0_iter22            |   1|   0|    1|          0|
    |ap_enable_reg_pp0_iter23            |   1|   0|    1|          0|
    |ap_enable_reg_pp0_iter24            |   1|   0|    1|          0|
    |ap_enable_reg_pp0_iter25            |   1|   0|    1|          0|
    |ap_enable_reg_pp0_iter26            |   1|   0|    1|          0|
    |ap_enable_reg_pp0_iter27            |   1|   0|    1|          0|
    |ap_enable_reg_pp0_iter28            |   1|   0|    1|          0|
    |ap_enable_reg_pp0_iter29            |   1|   0|    1|          0|
    |ap_enable_reg_pp0_iter3             |   1|   0|    1|          0|
    |ap_enable_reg_pp0_iter30            |   1|   0|    1|          0|
    |ap_enable_reg_pp0_iter31            |   1|   0|    1|          0|
    |ap_enable_reg_pp0_iter32            |   1|   0|    1|          0|
    |ap_enable_reg_pp0_iter33            |   1|   0|    1|          0|
    |ap_enable_reg_pp0_iter34            |   1|   0|    1|          0|
    |ap_enable_reg_pp0_iter35            |   1|   0|    1|          0|
    |ap_enable_reg_pp0_iter36            |   1|   0|    1|          0|
    |ap_enable_reg_pp0_iter37            |   1|   0|    1|          0|
    |ap_enable_reg_pp0_iter38            |   1|   0|    1|          0|
    |ap_enable_reg_pp0_iter39            |   1|   0|    1|          0|
    |ap_enable_reg_pp0_iter4             |   1|   0|    1|          0|
    |ap_enable_reg_pp0_iter40            |   1|   0|    1|          0|
    |ap_enable_reg_pp0_iter41            |   1|   0|    1|          0|
    |ap_enable_reg_pp0_iter42            |   1|   0|    1|          0|
    |ap_enable_reg_pp0_iter43            |   1|   0|    1|          0|
    |ap_enable_reg_pp0_iter44            |   1|   0|    1|          0|
    |ap_enable_reg_pp0_iter45            |   1|   0|    1|          0|
    |ap_enable_reg_pp0_iter46            |   1|   0|    1|          0|
    |ap_enable_reg_pp0_iter47            |   1|   0|    1|          0|
    |ap_enable_reg_pp0_iter48            |   1|   0|    1|          0|
    |ap_enable_reg_pp0_iter49            |   1|   0|    1|          0|
    |ap_enable_reg_pp0_iter5             |   1|   0|    1|          0|
    |ap_enable_reg_pp0_iter50            |   1|   0|    1|          0|
    |ap_enable_reg_pp0_iter51            |   1|   0|    1|          0|
    |ap_enable_reg_pp0_iter52            |   1|   0|    1|          0|
    |ap_enable_reg_pp0_iter53            |   1|   0|    1|          0|
    |ap_enable_reg_pp0_iter54            |   1|   0|    1|          0|
    |ap_enable_reg_pp0_iter55            |   1|   0|    1|          0|
    |ap_enable_reg_pp0_iter56            |   1|   0|    1|          0|
    |ap_enable_reg_pp0_iter57            |   1|   0|    1|          0|
    |ap_enable_reg_pp0_iter58            |   1|   0|    1|          0|
    |ap_enable_reg_pp0_iter59            |   1|   0|    1|          0|
    |ap_enable_reg_pp0_iter6             |   1|   0|    1|          0|
    |ap_enable_reg_pp0_iter60            |   1|   0|    1|          0|
    |ap_enable_reg_pp0_iter61            |   1|   0|    1|          0|
    |ap_enable_reg_pp0_iter62            |   1|   0|    1|          0|
    |ap_enable_reg_pp0_iter63            |   1|   0|    1|          0|
    |ap_enable_reg_pp0_iter64            |   1|   0|    1|          0|
    |ap_enable_reg_pp0_iter65            |   1|   0|    1|          0|
    |ap_enable_reg_pp0_iter66            |   1|   0|    1|          0|
    |ap_enable_reg_pp0_iter67            |   1|   0|    1|          0|
    |ap_enable_reg_pp0_iter68            |   1|   0|    1|          0|
    |ap_enable_reg_pp0_iter69            |   1|   0|    1|          0|
    |ap_enable_reg_pp0_iter7             |   1|   0|    1|          0|
    |ap_enable_reg_pp0_iter70            |   1|   0|    1|          0|
    |ap_enable_reg_pp0_iter71            |   1|   0|    1|          0|
    |ap_enable_reg_pp0_iter72            |   1|   0|    1|          0|
    |ap_enable_reg_pp0_iter73            |   1|   0|    1|          0|
    |ap_enable_reg_pp0_iter74            |   1|   0|    1|          0|
    |ap_enable_reg_pp0_iter75            |   1|   0|    1|          0|
    |ap_enable_reg_pp0_iter76            |   1|   0|    1|          0|
    |ap_enable_reg_pp0_iter77            |   1|   0|    1|          0|
    |ap_enable_reg_pp0_iter78            |   1|   0|    1|          0|
    |ap_enable_reg_pp0_iter79            |   1|   0|    1|          0|
    |ap_enable_reg_pp0_iter8             |   1|   0|    1|          0|
    |ap_enable_reg_pp0_iter80            |   1|   0|    1|          0|
    |ap_enable_reg_pp0_iter81            |   1|   0|    1|          0|
    |ap_enable_reg_pp0_iter82            |   1|   0|    1|          0|
    |ap_enable_reg_pp0_iter83            |   1|   0|    1|          0|
    |ap_enable_reg_pp0_iter84            |   1|   0|    1|          0|
    |ap_enable_reg_pp0_iter85            |   1|   0|    1|          0|
    |ap_enable_reg_pp0_iter86            |   1|   0|    1|          0|
    |ap_enable_reg_pp0_iter87            |   1|   0|    1|          0|
    |ap_enable_reg_pp0_iter88            |   1|   0|    1|          0|
    |ap_enable_reg_pp0_iter89            |   1|   0|    1|          0|
    |ap_enable_reg_pp0_iter9             |   1|   0|    1|          0|
    |ap_enable_reg_pp0_iter90            |   1|   0|    1|          0|
    |ap_enable_reg_pp0_iter91            |   1|   0|    1|          0|
    |ap_enable_reg_pp0_iter92            |   1|   0|    1|          0|
    |ap_enable_reg_pp0_iter93            |   1|   0|    1|          0|
    |ap_enable_reg_pp0_iter94            |   1|   0|    1|          0|
    |ap_enable_reg_pp0_iter95            |   1|   0|    1|          0|
    |ap_enable_reg_pp0_iter96            |   1|   0|    1|          0|
    |ap_enable_reg_pp0_iter97            |   1|   0|    1|          0|
    |ap_enable_reg_pp0_iter98            |   1|   0|    1|          0|
    |ap_enable_reg_pp0_iter99            |   1|   0|    1|          0|
    |ap_loop_exit_ready_pp0_iter100_reg  |   1|   0|    1|          0|
    |ap_loop_exit_ready_pp0_iter101_reg  |   1|   0|    1|          0|
    |ap_loop_exit_ready_pp0_iter102_reg  |   1|   0|    1|          0|
    |ap_loop_exit_ready_pp0_iter103_reg  |   1|   0|    1|          0|
    |ap_loop_exit_ready_pp0_iter104_reg  |   1|   0|    1|          0|
    |ap_loop_exit_ready_pp0_iter105_reg  |   1|   0|    1|          0|
    |ap_loop_exit_ready_pp0_iter106_reg  |   1|   0|    1|          0|
    |ap_loop_exit_ready_pp0_iter107_reg  |   1|   0|    1|          0|
    |ap_loop_exit_ready_pp0_iter108_reg  |   1|   0|    1|          0|
    |ap_loop_exit_ready_pp0_iter109_reg  |   1|   0|    1|          0|
    |ap_loop_exit_ready_pp0_iter10_reg   |   1|   0|    1|          0|
    |ap_loop_exit_ready_pp0_iter110_reg  |   1|   0|    1|          0|
    |ap_loop_exit_ready_pp0_iter111_reg  |   1|   0|    1|          0|
    |ap_loop_exit_ready_pp0_iter112_reg  |   1|   0|    1|          0|
    |ap_loop_exit_ready_pp0_iter113_reg  |   1|   0|    1|          0|
    |ap_loop_exit_ready_pp0_iter114_reg  |   1|   0|    1|          0|
    |ap_loop_exit_ready_pp0_iter115_reg  |   1|   0|    1|          0|
    |ap_loop_exit_ready_pp0_iter116_reg  |   1|   0|    1|          0|
    |ap_loop_exit_ready_pp0_iter117_reg  |   1|   0|    1|          0|
    |ap_loop_exit_ready_pp0_iter118_reg  |   1|   0|    1|          0|
    |ap_loop_exit_ready_pp0_iter119_reg  |   1|   0|    1|          0|
    |ap_loop_exit_ready_pp0_iter11_reg   |   1|   0|    1|          0|
    |ap_loop_exit_ready_pp0_iter120_reg  |   1|   0|    1|          0|
    |ap_loop_exit_ready_pp0_iter121_reg  |   1|   0|    1|          0|
    |ap_loop_exit_ready_pp0_iter122_reg  |   1|   0|    1|          0|
    |ap_loop_exit_ready_pp0_iter123_reg  |   1|   0|    1|          0|
    |ap_loop_exit_ready_pp0_iter124_reg  |   1|   0|    1|          0|
    |ap_loop_exit_ready_pp0_iter125_reg  |   1|   0|    1|          0|
    |ap_loop_exit_ready_pp0_iter126_reg  |   1|   0|    1|          0|
    |ap_loop_exit_ready_pp0_iter127_reg  |   1|   0|    1|          0|
    |ap_loop_exit_ready_pp0_iter128_reg  |   1|   0|    1|          0|
    |ap_loop_exit_ready_pp0_iter129_reg  |   1|   0|    1|          0|
    |ap_loop_exit_ready_pp0_iter12_reg   |   1|   0|    1|          0|
    |ap_loop_exit_ready_pp0_iter130_reg  |   1|   0|    1|          0|
    |ap_loop_exit_ready_pp0_iter131_reg  |   1|   0|    1|          0|
    |ap_loop_exit_ready_pp0_iter132_reg  |   1|   0|    1|          0|
    |ap_loop_exit_ready_pp0_iter133_reg  |   1|   0|    1|          0|
    |ap_loop_exit_ready_pp0_iter134_reg  |   1|   0|    1|          0|
    |ap_loop_exit_ready_pp0_iter135_reg  |   1|   0|    1|          0|
    |ap_loop_exit_ready_pp0_iter136_reg  |   1|   0|    1|          0|
    |ap_loop_exit_ready_pp0_iter137_reg  |   1|   0|    1|          0|
    |ap_loop_exit_ready_pp0_iter138_reg  |   1|   0|    1|          0|
    |ap_loop_exit_ready_pp0_iter139_reg  |   1|   0|    1|          0|
    |ap_loop_exit_ready_pp0_iter13_reg   |   1|   0|    1|          0|
    |ap_loop_exit_ready_pp0_iter140_reg  |   1|   0|    1|          0|
    |ap_loop_exit_ready_pp0_iter141_reg  |   1|   0|    1|          0|
    |ap_loop_exit_ready_pp0_iter142_reg  |   1|   0|    1|          0|
    |ap_loop_exit_ready_pp0_iter143_reg  |   1|   0|    1|          0|
    |ap_loop_exit_ready_pp0_iter144_reg  |   1|   0|    1|          0|
    |ap_loop_exit_ready_pp0_iter145_reg  |   1|   0|    1|          0|
    |ap_loop_exit_ready_pp0_iter146_reg  |   1|   0|    1|          0|
    |ap_loop_exit_ready_pp0_iter147_reg  |   1|   0|    1|          0|
    |ap_loop_exit_ready_pp0_iter148_reg  |   1|   0|    1|          0|
    |ap_loop_exit_ready_pp0_iter149_reg  |   1|   0|    1|          0|
    |ap_loop_exit_ready_pp0_iter14_reg   |   1|   0|    1|          0|
    |ap_loop_exit_ready_pp0_iter150_reg  |   1|   0|    1|          0|
    |ap_loop_exit_ready_pp0_iter151_reg  |   1|   0|    1|          0|
    |ap_loop_exit_ready_pp0_iter152_reg  |   1|   0|    1|          0|
    |ap_loop_exit_ready_pp0_iter153_reg  |   1|   0|    1|          0|
    |ap_loop_exit_ready_pp0_iter154_reg  |   1|   0|    1|          0|
    |ap_loop_exit_ready_pp0_iter155_reg  |   1|   0|    1|          0|
    |ap_loop_exit_ready_pp0_iter156_reg  |   1|   0|    1|          0|
    |ap_loop_exit_ready_pp0_iter157_reg  |   1|   0|    1|          0|
    |ap_loop_exit_ready_pp0_iter158_reg  |   1|   0|    1|          0|
    |ap_loop_exit_ready_pp0_iter159_reg  |   1|   0|    1|          0|
    |ap_loop_exit_ready_pp0_iter15_reg   |   1|   0|    1|          0|
    |ap_loop_exit_ready_pp0_iter160_reg  |   1|   0|    1|          0|
    |ap_loop_exit_ready_pp0_iter161_reg  |   1|   0|    1|          0|
    |ap_loop_exit_ready_pp0_iter162_reg  |   1|   0|    1|          0|
    |ap_loop_exit_ready_pp0_iter163_reg  |   1|   0|    1|          0|
    |ap_loop_exit_ready_pp0_iter164_reg  |   1|   0|    1|          0|
    |ap_loop_exit_ready_pp0_iter165_reg  |   1|   0|    1|          0|
    |ap_loop_exit_ready_pp0_iter16_reg   |   1|   0|    1|          0|
    |ap_loop_exit_ready_pp0_iter17_reg   |   1|   0|    1|          0|
    |ap_loop_exit_ready_pp0_iter18_reg   |   1|   0|    1|          0|
    |ap_loop_exit_ready_pp0_iter19_reg   |   1|   0|    1|          0|
    |ap_loop_exit_ready_pp0_iter1_reg    |   1|   0|    1|          0|
    |ap_loop_exit_ready_pp0_iter20_reg   |   1|   0|    1|          0|
    |ap_loop_exit_ready_pp0_iter21_reg   |   1|   0|    1|          0|
    |ap_loop_exit_ready_pp0_iter22_reg   |   1|   0|    1|          0|
    |ap_loop_exit_ready_pp0_iter23_reg   |   1|   0|    1|          0|
    |ap_loop_exit_ready_pp0_iter24_reg   |   1|   0|    1|          0|
    |ap_loop_exit_ready_pp0_iter25_reg   |   1|   0|    1|          0|
    |ap_loop_exit_ready_pp0_iter26_reg   |   1|   0|    1|          0|
    |ap_loop_exit_ready_pp0_iter27_reg   |   1|   0|    1|          0|
    |ap_loop_exit_ready_pp0_iter28_reg   |   1|   0|    1|          0|
    |ap_loop_exit_ready_pp0_iter29_reg   |   1|   0|    1|          0|
    |ap_loop_exit_ready_pp0_iter2_reg    |   1|   0|    1|          0|
    |ap_loop_exit_ready_pp0_iter30_reg   |   1|   0|    1|          0|
    |ap_loop_exit_ready_pp0_iter31_reg   |   1|   0|    1|          0|
    |ap_loop_exit_ready_pp0_iter32_reg   |   1|   0|    1|          0|
    |ap_loop_exit_ready_pp0_iter33_reg   |   1|   0|    1|          0|
    |ap_loop_exit_ready_pp0_iter34_reg   |   1|   0|    1|          0|
    |ap_loop_exit_ready_pp0_iter35_reg   |   1|   0|    1|          0|
    |ap_loop_exit_ready_pp0_iter36_reg   |   1|   0|    1|          0|
    |ap_loop_exit_ready_pp0_iter37_reg   |   1|   0|    1|          0|
    |ap_loop_exit_ready_pp0_iter38_reg   |   1|   0|    1|          0|
    |ap_loop_exit_ready_pp0_iter39_reg   |   1|   0|    1|          0|
    |ap_loop_exit_ready_pp0_iter3_reg    |   1|   0|    1|          0|
    |ap_loop_exit_ready_pp0_iter40_reg   |   1|   0|    1|          0|
    |ap_loop_exit_ready_pp0_iter41_reg   |   1|   0|    1|          0|
    |ap_loop_exit_ready_pp0_iter42_reg   |   1|   0|    1|          0|
    |ap_loop_exit_ready_pp0_iter43_reg   |   1|   0|    1|          0|
    |ap_loop_exit_ready_pp0_iter44_reg   |   1|   0|    1|          0|
    |ap_loop_exit_ready_pp0_iter45_reg   |   1|   0|    1|          0|
    |ap_loop_exit_ready_pp0_iter46_reg   |   1|   0|    1|          0|
    |ap_loop_exit_ready_pp0_iter47_reg   |   1|   0|    1|          0|
    |ap_loop_exit_ready_pp0_iter48_reg   |   1|   0|    1|          0|
    |ap_loop_exit_ready_pp0_iter49_reg   |   1|   0|    1|          0|
    |ap_loop_exit_ready_pp0_iter4_reg    |   1|   0|    1|          0|
    |ap_loop_exit_ready_pp0_iter50_reg   |   1|   0|    1|          0|
    |ap_loop_exit_ready_pp0_iter51_reg   |   1|   0|    1|          0|
    |ap_loop_exit_ready_pp0_iter52_reg   |   1|   0|    1|          0|
    |ap_loop_exit_ready_pp0_iter53_reg   |   1|   0|    1|          0|
    |ap_loop_exit_ready_pp0_iter54_reg   |   1|   0|    1|          0|
    |ap_loop_exit_ready_pp0_iter55_reg   |   1|   0|    1|          0|
    |ap_loop_exit_ready_pp0_iter56_reg   |   1|   0|    1|          0|
    |ap_loop_exit_ready_pp0_iter57_reg   |   1|   0|    1|          0|
    |ap_loop_exit_ready_pp0_iter58_reg   |   1|   0|    1|          0|
    |ap_loop_exit_ready_pp0_iter59_reg   |   1|   0|    1|          0|
    |ap_loop_exit_ready_pp0_iter5_reg    |   1|   0|    1|          0|
    |ap_loop_exit_ready_pp0_iter60_reg   |   1|   0|    1|          0|
    |ap_loop_exit_ready_pp0_iter61_reg   |   1|   0|    1|          0|
    |ap_loop_exit_ready_pp0_iter62_reg   |   1|   0|    1|          0|
    |ap_loop_exit_ready_pp0_iter63_reg   |   1|   0|    1|          0|
    |ap_loop_exit_ready_pp0_iter64_reg   |   1|   0|    1|          0|
    |ap_loop_exit_ready_pp0_iter65_reg   |   1|   0|    1|          0|
    |ap_loop_exit_ready_pp0_iter66_reg   |   1|   0|    1|          0|
    |ap_loop_exit_ready_pp0_iter67_reg   |   1|   0|    1|          0|
    |ap_loop_exit_ready_pp0_iter68_reg   |   1|   0|    1|          0|
    |ap_loop_exit_ready_pp0_iter69_reg   |   1|   0|    1|          0|
    |ap_loop_exit_ready_pp0_iter6_reg    |   1|   0|    1|          0|
    |ap_loop_exit_ready_pp0_iter70_reg   |   1|   0|    1|          0|
    |ap_loop_exit_ready_pp0_iter71_reg   |   1|   0|    1|          0|
    |ap_loop_exit_ready_pp0_iter72_reg   |   1|   0|    1|          0|
    |ap_loop_exit_ready_pp0_iter73_reg   |   1|   0|    1|          0|
    |ap_loop_exit_ready_pp0_iter74_reg   |   1|   0|    1|          0|
    |ap_loop_exit_ready_pp0_iter75_reg   |   1|   0|    1|          0|
    |ap_loop_exit_ready_pp0_iter76_reg   |   1|   0|    1|          0|
    |ap_loop_exit_ready_pp0_iter77_reg   |   1|   0|    1|          0|
    |ap_loop_exit_ready_pp0_iter78_reg   |   1|   0|    1|          0|
    |ap_loop_exit_ready_pp0_iter79_reg   |   1|   0|    1|          0|
    |ap_loop_exit_ready_pp0_iter7_reg    |   1|   0|    1|          0|
    |ap_loop_exit_ready_pp0_iter80_reg   |   1|   0|    1|          0|
    |ap_loop_exit_ready_pp0_iter81_reg   |   1|   0|    1|          0|
    |ap_loop_exit_ready_pp0_iter82_reg   |   1|   0|    1|          0|
    |ap_loop_exit_ready_pp0_iter83_reg   |   1|   0|    1|          0|
    |ap_loop_exit_ready_pp0_iter84_reg   |   1|   0|    1|          0|
    |ap_loop_exit_ready_pp0_iter85_reg   |   1|   0|    1|          0|
    |ap_loop_exit_ready_pp0_iter86_reg   |   1|   0|    1|          0|
    |ap_loop_exit_ready_pp0_iter87_reg   |   1|   0|    1|          0|
    |ap_loop_exit_ready_pp0_iter88_reg   |   1|   0|    1|          0|
    |ap_loop_exit_ready_pp0_iter89_reg   |   1|   0|    1|          0|
    |ap_loop_exit_ready_pp0_iter8_reg    |   1|   0|    1|          0|
    |ap_loop_exit_ready_pp0_iter90_reg   |   1|   0|    1|          0|
    |ap_loop_exit_ready_pp0_iter91_reg   |   1|   0|    1|          0|
    |ap_loop_exit_ready_pp0_iter92_reg   |   1|   0|    1|          0|
    |ap_loop_exit_ready_pp0_iter93_reg   |   1|   0|    1|          0|
    |ap_loop_exit_ready_pp0_iter94_reg   |   1|   0|    1|          0|
    |ap_loop_exit_ready_pp0_iter95_reg   |   1|   0|    1|          0|
    |ap_loop_exit_ready_pp0_iter96_reg   |   1|   0|    1|          0|
    |ap_loop_exit_ready_pp0_iter97_reg   |   1|   0|    1|          0|
    |ap_loop_exit_ready_pp0_iter98_reg   |   1|   0|    1|          0|
    |ap_loop_exit_ready_pp0_iter99_reg   |   1|   0|    1|          0|
    |ap_loop_exit_ready_pp0_iter9_reg    |   1|   0|    1|          0|
    |i_fu_128                            |   6|   0|    6|          0|
    |icmp_ln37_reg_1973                  |   1|   0|    1|          0|
    |indvar_flatten70_fu_132             |  11|   0|   11|          0|
    |j_fu_124                            |   6|   0|    6|          0|
    |or_ln37_reg_1977                    |   1|   0|    1|          0|
    |result_10_reg_2517                  |  32|   0|   32|          0|
    |result_11_reg_2542                  |  32|   0|   32|          0|
    |result_12_reg_2567                  |  32|   0|   32|          0|
    |result_13_reg_2592                  |  32|   0|   32|          0|
    |result_14_reg_2617                  |  32|   0|   32|          0|
    |result_15_reg_2642                  |  32|   0|   32|          0|
    |result_16_reg_2667                  |  32|   0|   32|          0|
    |result_17_reg_2692                  |  32|   0|   32|          0|
    |result_18_reg_2717                  |  32|   0|   32|          0|
    |result_19_reg_2742                  |  32|   0|   32|          0|
    |result_1_reg_2152                   |  32|   0|   32|          0|
    |result_20_reg_2767                  |  32|   0|   32|          0|
    |result_21_reg_2792                  |  32|   0|   32|          0|
    |result_22_reg_2817                  |  32|   0|   32|          0|
    |result_23_reg_2842                  |  32|   0|   32|          0|
    |result_24_reg_2867                  |  32|   0|   32|          0|
    |result_25_reg_2892                  |  32|   0|   32|          0|
    |result_26_reg_2917                  |  32|   0|   32|          0|
    |result_27_reg_2942                  |  32|   0|   32|          0|
    |result_28_reg_2967                  |  32|   0|   32|          0|
    |result_29_reg_2992                  |  32|   0|   32|          0|
    |result_2_reg_2182                   |  32|   0|   32|          0|
    |result_30_reg_3012                  |  32|   0|   32|          0|
    |result_31_reg_3022                  |  32|   0|   32|          0|
    |result_3_reg_2212                   |  32|   0|   32|          0|
    |result_4_reg_2242                   |  32|   0|   32|          0|
    |result_5_reg_2272                   |  32|   0|   32|          0|
    |result_6_reg_2302                   |  32|   0|   32|          0|
    |result_7_reg_2332                   |  32|   0|   32|          0|
    |result_8_reg_2412                   |  32|   0|   32|          0|
    |result_9_reg_2492                   |  32|   0|   32|          0|
    |result_reg_2122                     |  32|   0|   32|          0|
    |select_ln37_reg_1981                |   6|   0|    6|          0|
    |shl_ln42_reg_1986                   |   5|   0|    6|          1|
    |term_10_reg_2497                    |  32|   0|   32|          0|
    |term_11_reg_2522                    |  32|   0|   32|          0|
    |term_12_reg_2547                    |  32|   0|   32|          0|
    |term_13_reg_2572                    |  32|   0|   32|          0|
    |term_14_reg_2597                    |  32|   0|   32|          0|
    |term_15_reg_2622                    |  32|   0|   32|          0|
    |term_16_reg_2647                    |  32|   0|   32|          0|
    |term_17_reg_2672                    |  32|   0|   32|          0|
    |term_18_reg_2697                    |  32|   0|   32|          0|
    |term_19_reg_2722                    |  32|   0|   32|          0|
    |term_1_reg_2127                     |  32|   0|   32|          0|
    |term_20_reg_2747                    |  32|   0|   32|          0|
    |term_21_reg_2772                    |  32|   0|   32|          0|
    |term_22_reg_2797                    |  32|   0|   32|          0|
    |term_23_reg_2822                    |  32|   0|   32|          0|
    |term_24_reg_2847                    |  32|   0|   32|          0|
    |term_25_reg_2872                    |  32|   0|   32|          0|
    |term_26_reg_2897                    |  32|   0|   32|          0|
    |term_27_reg_2922                    |  32|   0|   32|          0|
    |term_28_reg_2947                    |  32|   0|   32|          0|
    |term_29_reg_2972                    |  32|   0|   32|          0|
    |term_2_reg_2157                     |  32|   0|   32|          0|
    |term_30_reg_2997                    |  32|   0|   32|          0|
    |term_31_reg_3017                    |  32|   0|   32|          0|
    |term_3_reg_2187                     |  32|   0|   32|          0|
    |term_4_reg_2217                     |  32|   0|   32|          0|
    |term_5_reg_2247                     |  32|   0|   32|          0|
    |term_6_reg_2277                     |  32|   0|   32|          0|
    |term_7_reg_2307                     |  32|   0|   32|          0|
    |term_8_reg_2337                     |  32|   0|   32|          0|
    |term_9_reg_2417                     |  32|   0|   32|          0|
    |term_reg_2097                       |  32|   0|   32|          0|
    |tmp_4_cast_reg_2049                 |   5|   0|   64|         59|
    |zext_ln38_reg_2015                  |   6|   0|   64|         58|
    |zext_ln42_1_reg_2073                |   6|   0|   64|         58|
    |zext_ln42_reg_1991                  |   5|   0|   64|         59|
    |Abuf_10_addr_1_reg_2457             |  64|  32|    6|          1|
    |Abuf_10_addr_reg_2377               |  64|  32|    6|          1|
    |Abuf_11_addr_1_reg_2462             |  64|  32|    6|          1|
    |Abuf_11_addr_reg_2382               |  64|  32|    6|          1|
    |Abuf_12_addr_1_reg_2467             |  64|  32|    6|          1|
    |Abuf_12_addr_reg_2387               |  64|  32|    6|          1|
    |Abuf_13_addr_1_reg_2472             |  64|  32|    6|          1|
    |Abuf_13_addr_reg_2392               |  64|  32|    6|          1|
    |Abuf_14_addr_1_reg_2477             |  64|  32|    6|          1|
    |Abuf_14_addr_reg_2397               |  64|  32|    6|          1|
    |Abuf_15_addr_1_reg_2482             |  64|  32|    6|          1|
    |Abuf_15_addr_reg_2402               |  64|  32|    6|          1|
    |Abuf_6_addr_1_reg_2437              |  64|  32|    6|          1|
    |Abuf_6_addr_reg_2357                |  64|  32|    6|          1|
    |Abuf_7_addr_1_reg_2442              |  64|  32|    6|          1|
    |Abuf_7_addr_reg_2362                |  64|  32|    6|          1|
    |Abuf_8_addr_1_reg_2447              |  64|  32|    6|          1|
    |Abuf_8_addr_reg_2367                |  64|  32|    6|          1|
    |Abuf_9_addr_1_reg_2452              |  64|  32|    6|          1|
    |Abuf_9_addr_reg_2372                |  64|  32|    6|          1|
    |icmp_ln37_reg_1973                  |  64|  32|    1|          0|
    |or_ln37_reg_1977                    |  64|  32|    1|          0|
    |select_ln37_reg_1981                |  64|  32|    6|          0|
    |shl_ln42_reg_1986                   |  64|  32|    6|          1|
    |tmp_4_cast_reg_2049                 |  64|  32|   64|         59|
    |zext_ln38_reg_2015                  |  64|  32|   64|         58|
    |zext_ln42_1_reg_2073                |  64|  32|   64|         58|
    |zext_ln42_reg_1991                  |  64|  32|   64|         59|
    +------------------------------------+----+----+-----+-----------+
    |Total                               |6379| 896| 5232|        510|
    +------------------------------------+----+----+-----+-----------+



================================================================
== Interface
================================================================
* Summary: 
+------------------+-----+-----+------------+----------------------------+--------------+
|     RTL Ports    | Dir | Bits|  Protocol  |        Source Object       |    C Type    |
+------------------+-----+-----+------------+----------------------------+--------------+
|ap_clk            |   in|    1|  ap_ctrl_hs|  mmult_Pipeline_LOOP3_LOOP4|  return value|
|ap_rst            |   in|    1|  ap_ctrl_hs|  mmult_Pipeline_LOOP3_LOOP4|  return value|
|ap_start          |   in|    1|  ap_ctrl_hs|  mmult_Pipeline_LOOP3_LOOP4|  return value|
|ap_done           |  out|    1|  ap_ctrl_hs|  mmult_Pipeline_LOOP3_LOOP4|  return value|
|ap_idle           |  out|    1|  ap_ctrl_hs|  mmult_Pipeline_LOOP3_LOOP4|  return value|
|ap_ready          |  out|    1|  ap_ctrl_hs|  mmult_Pipeline_LOOP3_LOOP4|  return value|
|m_axi_C_AWVALID   |  out|    1|       m_axi|                           C|       pointer|
|m_axi_C_AWREADY   |   in|    1|       m_axi|                           C|       pointer|
|m_axi_C_AWADDR    |  out|   64|       m_axi|                           C|       pointer|
|m_axi_C_AWID      |  out|    1|       m_axi|                           C|       pointer|
|m_axi_C_AWLEN     |  out|   32|       m_axi|                           C|       pointer|
|m_axi_C_AWSIZE    |  out|    3|       m_axi|                           C|       pointer|
|m_axi_C_AWBURST   |  out|    2|       m_axi|                           C|       pointer|
|m_axi_C_AWLOCK    |  out|    2|       m_axi|                           C|       pointer|
|m_axi_C_AWCACHE   |  out|    4|       m_axi|                           C|       pointer|
|m_axi_C_AWPROT    |  out|    3|       m_axi|                           C|       pointer|
|m_axi_C_AWQOS     |  out|    4|       m_axi|                           C|       pointer|
|m_axi_C_AWREGION  |  out|    4|       m_axi|                           C|       pointer|
|m_axi_C_AWUSER    |  out|    1|       m_axi|                           C|       pointer|
|m_axi_C_WVALID    |  out|    1|       m_axi|                           C|       pointer|
|m_axi_C_WREADY    |   in|    1|       m_axi|                           C|       pointer|
|m_axi_C_WDATA     |  out|   32|       m_axi|                           C|       pointer|
|m_axi_C_WSTRB     |  out|    4|       m_axi|                           C|       pointer|
|m_axi_C_WLAST     |  out|    1|       m_axi|                           C|       pointer|
|m_axi_C_WID       |  out|    1|       m_axi|                           C|       pointer|
|m_axi_C_WUSER     |  out|    1|       m_axi|                           C|       pointer|
|m_axi_C_ARVALID   |  out|    1|       m_axi|                           C|       pointer|
|m_axi_C_ARREADY   |   in|    1|       m_axi|                           C|       pointer|
|m_axi_C_ARADDR    |  out|   64|       m_axi|                           C|       pointer|
|m_axi_C_ARID      |  out|    1|       m_axi|                           C|       pointer|
|m_axi_C_ARLEN     |  out|   32|       m_axi|                           C|       pointer|
|m_axi_C_ARSIZE    |  out|    3|       m_axi|                           C|       pointer|
|m_axi_C_ARBURST   |  out|    2|       m_axi|                           C|       pointer|
|m_axi_C_ARLOCK    |  out|    2|       m_axi|                           C|       pointer|
|m_axi_C_ARCACHE   |  out|    4|       m_axi|                           C|       pointer|
|m_axi_C_ARPROT    |  out|    3|       m_axi|                           C|       pointer|
|m_axi_C_ARQOS     |  out|    4|       m_axi|                           C|       pointer|
|m_axi_C_ARREGION  |  out|    4|       m_axi|                           C|       pointer|
|m_axi_C_ARUSER    |  out|    1|       m_axi|                           C|       pointer|
|m_axi_C_RVALID    |   in|    1|       m_axi|                           C|       pointer|
|m_axi_C_RREADY    |  out|    1|       m_axi|                           C|       pointer|
|m_axi_C_RDATA     |   in|   32|       m_axi|                           C|       pointer|
|m_axi_C_RLAST     |   in|    1|       m_axi|                           C|       pointer|
|m_axi_C_RID       |   in|    1|       m_axi|                           C|       pointer|
|m_axi_C_RFIFONUM  |   in|    9|       m_axi|                           C|       pointer|
|m_axi_C_RUSER     |   in|    1|       m_axi|                           C|       pointer|
|m_axi_C_RRESP     |   in|    2|       m_axi|                           C|       pointer|
|m_axi_C_BVALID    |   in|    1|       m_axi|                           C|       pointer|
|m_axi_C_BREADY    |  out|    1|       m_axi|                           C|       pointer|
|m_axi_C_BRESP     |   in|    2|       m_axi|                           C|       pointer|
|m_axi_C_BID       |   in|    1|       m_axi|                           C|       pointer|
|m_axi_C_BUSER     |   in|    1|       m_axi|                           C|       pointer|
|Bbuf_address0     |  out|    6|   ap_memory|                        Bbuf|         array|
|Bbuf_ce0          |  out|    1|   ap_memory|                        Bbuf|         array|
|Bbuf_q0           |   in|   32|   ap_memory|                        Bbuf|         array|
|Bbuf_address1     |  out|    6|   ap_memory|                        Bbuf|         array|
|Bbuf_ce1          |  out|    1|   ap_memory|                        Bbuf|         array|
|Bbuf_q1           |   in|   32|   ap_memory|                        Bbuf|         array|
|Bbuf_1_address0   |  out|    6|   ap_memory|                      Bbuf_1|         array|
|Bbuf_1_ce0        |  out|    1|   ap_memory|                      Bbuf_1|         array|
|Bbuf_1_q0         |   in|   32|   ap_memory|                      Bbuf_1|         array|
|Bbuf_1_address1   |  out|    6|   ap_memory|                      Bbuf_1|         array|
|Bbuf_1_ce1        |  out|    1|   ap_memory|                      Bbuf_1|         array|
|Bbuf_1_q1         |   in|   32|   ap_memory|                      Bbuf_1|         array|
|Bbuf_2_address0   |  out|    6|   ap_memory|                      Bbuf_2|         array|
|Bbuf_2_ce0        |  out|    1|   ap_memory|                      Bbuf_2|         array|
|Bbuf_2_q0         |   in|   32|   ap_memory|                      Bbuf_2|         array|
|Bbuf_2_address1   |  out|    6|   ap_memory|                      Bbuf_2|         array|
|Bbuf_2_ce1        |  out|    1|   ap_memory|                      Bbuf_2|         array|
|Bbuf_2_q1         |   in|   32|   ap_memory|                      Bbuf_2|         array|
|Bbuf_3_address0   |  out|    6|   ap_memory|                      Bbuf_3|         array|
|Bbuf_3_ce0        |  out|    1|   ap_memory|                      Bbuf_3|         array|
|Bbuf_3_q0         |   in|   32|   ap_memory|                      Bbuf_3|         array|
|Bbuf_3_address1   |  out|    6|   ap_memory|                      Bbuf_3|         array|
|Bbuf_3_ce1        |  out|    1|   ap_memory|                      Bbuf_3|         array|
|Bbuf_3_q1         |   in|   32|   ap_memory|                      Bbuf_3|         array|
|Bbuf_4_address0   |  out|    6|   ap_memory|                      Bbuf_4|         array|
|Bbuf_4_ce0        |  out|    1|   ap_memory|                      Bbuf_4|         array|
|Bbuf_4_q0         |   in|   32|   ap_memory|                      Bbuf_4|         array|
|Bbuf_4_address1   |  out|    6|   ap_memory|                      Bbuf_4|         array|
|Bbuf_4_ce1        |  out|    1|   ap_memory|                      Bbuf_4|         array|
|Bbuf_4_q1         |   in|   32|   ap_memory|                      Bbuf_4|         array|
|Bbuf_5_address0   |  out|    6|   ap_memory|                      Bbuf_5|         array|
|Bbuf_5_ce0        |  out|    1|   ap_memory|                      Bbuf_5|         array|
|Bbuf_5_q0         |   in|   32|   ap_memory|                      Bbuf_5|         array|
|Bbuf_5_address1   |  out|    6|   ap_memory|                      Bbuf_5|         array|
|Bbuf_5_ce1        |  out|    1|   ap_memory|                      Bbuf_5|         array|
|Bbuf_5_q1         |   in|   32|   ap_memory|                      Bbuf_5|         array|
|Bbuf_6_address0   |  out|    6|   ap_memory|                      Bbuf_6|         array|
|Bbuf_6_ce0        |  out|    1|   ap_memory|                      Bbuf_6|         array|
|Bbuf_6_q0         |   in|   32|   ap_memory|                      Bbuf_6|         array|
|Bbuf_6_address1   |  out|    6|   ap_memory|                      Bbuf_6|         array|
|Bbuf_6_ce1        |  out|    1|   ap_memory|                      Bbuf_6|         array|
|Bbuf_6_q1         |   in|   32|   ap_memory|                      Bbuf_6|         array|
|Bbuf_7_address0   |  out|    6|   ap_memory|                      Bbuf_7|         array|
|Bbuf_7_ce0        |  out|    1|   ap_memory|                      Bbuf_7|         array|
|Bbuf_7_q0         |   in|   32|   ap_memory|                      Bbuf_7|         array|
|Bbuf_7_address1   |  out|    6|   ap_memory|                      Bbuf_7|         array|
|Bbuf_7_ce1        |  out|    1|   ap_memory|                      Bbuf_7|         array|
|Bbuf_7_q1         |   in|   32|   ap_memory|                      Bbuf_7|         array|
|Bbuf_8_address0   |  out|    6|   ap_memory|                      Bbuf_8|         array|
|Bbuf_8_ce0        |  out|    1|   ap_memory|                      Bbuf_8|         array|
|Bbuf_8_q0         |   in|   32|   ap_memory|                      Bbuf_8|         array|
|Bbuf_8_address1   |  out|    6|   ap_memory|                      Bbuf_8|         array|
|Bbuf_8_ce1        |  out|    1|   ap_memory|                      Bbuf_8|         array|
|Bbuf_8_q1         |   in|   32|   ap_memory|                      Bbuf_8|         array|
|Bbuf_9_address0   |  out|    6|   ap_memory|                      Bbuf_9|         array|
|Bbuf_9_ce0        |  out|    1|   ap_memory|                      Bbuf_9|         array|
|Bbuf_9_q0         |   in|   32|   ap_memory|                      Bbuf_9|         array|
|Bbuf_9_address1   |  out|    6|   ap_memory|                      Bbuf_9|         array|
|Bbuf_9_ce1        |  out|    1|   ap_memory|                      Bbuf_9|         array|
|Bbuf_9_q1         |   in|   32|   ap_memory|                      Bbuf_9|         array|
|Bbuf_10_address0  |  out|    6|   ap_memory|                     Bbuf_10|         array|
|Bbuf_10_ce0       |  out|    1|   ap_memory|                     Bbuf_10|         array|
|Bbuf_10_q0        |   in|   32|   ap_memory|                     Bbuf_10|         array|
|Bbuf_10_address1  |  out|    6|   ap_memory|                     Bbuf_10|         array|
|Bbuf_10_ce1       |  out|    1|   ap_memory|                     Bbuf_10|         array|
|Bbuf_10_q1        |   in|   32|   ap_memory|                     Bbuf_10|         array|
|Bbuf_11_address0  |  out|    6|   ap_memory|                     Bbuf_11|         array|
|Bbuf_11_ce0       |  out|    1|   ap_memory|                     Bbuf_11|         array|
|Bbuf_11_q0        |   in|   32|   ap_memory|                     Bbuf_11|         array|
|Bbuf_11_address1  |  out|    6|   ap_memory|                     Bbuf_11|         array|
|Bbuf_11_ce1       |  out|    1|   ap_memory|                     Bbuf_11|         array|
|Bbuf_11_q1        |   in|   32|   ap_memory|                     Bbuf_11|         array|
|Bbuf_12_address0  |  out|    6|   ap_memory|                     Bbuf_12|         array|
|Bbuf_12_ce0       |  out|    1|   ap_memory|                     Bbuf_12|         array|
|Bbuf_12_q0        |   in|   32|   ap_memory|                     Bbuf_12|         array|
|Bbuf_12_address1  |  out|    6|   ap_memory|                     Bbuf_12|         array|
|Bbuf_12_ce1       |  out|    1|   ap_memory|                     Bbuf_12|         array|
|Bbuf_12_q1        |   in|   32|   ap_memory|                     Bbuf_12|         array|
|Bbuf_13_address0  |  out|    6|   ap_memory|                     Bbuf_13|         array|
|Bbuf_13_ce0       |  out|    1|   ap_memory|                     Bbuf_13|         array|
|Bbuf_13_q0        |   in|   32|   ap_memory|                     Bbuf_13|         array|
|Bbuf_13_address1  |  out|    6|   ap_memory|                     Bbuf_13|         array|
|Bbuf_13_ce1       |  out|    1|   ap_memory|                     Bbuf_13|         array|
|Bbuf_13_q1        |   in|   32|   ap_memory|                     Bbuf_13|         array|
|Bbuf_14_address0  |  out|    6|   ap_memory|                     Bbuf_14|         array|
|Bbuf_14_ce0       |  out|    1|   ap_memory|                     Bbuf_14|         array|
|Bbuf_14_q0        |   in|   32|   ap_memory|                     Bbuf_14|         array|
|Bbuf_14_address1  |  out|    6|   ap_memory|                     Bbuf_14|         array|
|Bbuf_14_ce1       |  out|    1|   ap_memory|                     Bbuf_14|         array|
|Bbuf_14_q1        |   in|   32|   ap_memory|                     Bbuf_14|         array|
|Bbuf_15_address0  |  out|    6|   ap_memory|                     Bbuf_15|         array|
|Bbuf_15_ce0       |  out|    1|   ap_memory|                     Bbuf_15|         array|
|Bbuf_15_q0        |   in|   32|   ap_memory|                     Bbuf_15|         array|
|Bbuf_15_address1  |  out|    6|   ap_memory|                     Bbuf_15|         array|
|Bbuf_15_ce1       |  out|    1|   ap_memory|                     Bbuf_15|         array|
|Bbuf_15_q1        |   in|   32|   ap_memory|                     Bbuf_15|         array|
|sext_ln37         |   in|   62|     ap_none|                   sext_ln37|        scalar|
|Abuf_address0     |  out|    6|   ap_memory|                        Abuf|         array|
|Abuf_ce0          |  out|    1|   ap_memory|                        Abuf|         array|
|Abuf_q0           |   in|   32|   ap_memory|                        Abuf|         array|
|Abuf_address1     |  out|    6|   ap_memory|                        Abuf|         array|
|Abuf_ce1          |  out|    1|   ap_memory|                        Abuf|         array|
|Abuf_q1           |   in|   32|   ap_memory|                        Abuf|         array|
|Abuf_1_address0   |  out|    6|   ap_memory|                      Abuf_1|         array|
|Abuf_1_ce0        |  out|    1|   ap_memory|                      Abuf_1|         array|
|Abuf_1_q0         |   in|   32|   ap_memory|                      Abuf_1|         array|
|Abuf_1_address1   |  out|    6|   ap_memory|                      Abuf_1|         array|
|Abuf_1_ce1        |  out|    1|   ap_memory|                      Abuf_1|         array|
|Abuf_1_q1         |   in|   32|   ap_memory|                      Abuf_1|         array|
|Abuf_2_address0   |  out|    6|   ap_memory|                      Abuf_2|         array|
|Abuf_2_ce0        |  out|    1|   ap_memory|                      Abuf_2|         array|
|Abuf_2_q0         |   in|   32|   ap_memory|                      Abuf_2|         array|
|Abuf_2_address1   |  out|    6|   ap_memory|                      Abuf_2|         array|
|Abuf_2_ce1        |  out|    1|   ap_memory|                      Abuf_2|         array|
|Abuf_2_q1         |   in|   32|   ap_memory|                      Abuf_2|         array|
|Abuf_3_address0   |  out|    6|   ap_memory|                      Abuf_3|         array|
|Abuf_3_ce0        |  out|    1|   ap_memory|                      Abuf_3|         array|
|Abuf_3_q0         |   in|   32|   ap_memory|                      Abuf_3|         array|
|Abuf_3_address1   |  out|    6|   ap_memory|                      Abuf_3|         array|
|Abuf_3_ce1        |  out|    1|   ap_memory|                      Abuf_3|         array|
|Abuf_3_q1         |   in|   32|   ap_memory|                      Abuf_3|         array|
|Abuf_4_address0   |  out|    6|   ap_memory|                      Abuf_4|         array|
|Abuf_4_ce0        |  out|    1|   ap_memory|                      Abuf_4|         array|
|Abuf_4_q0         |   in|   32|   ap_memory|                      Abuf_4|         array|
|Abuf_4_address1   |  out|    6|   ap_memory|                      Abuf_4|         array|
|Abuf_4_ce1        |  out|    1|   ap_memory|                      Abuf_4|         array|
|Abuf_4_q1         |   in|   32|   ap_memory|                      Abuf_4|         array|
|Abuf_5_address0   |  out|    6|   ap_memory|                      Abuf_5|         array|
|Abuf_5_ce0        |  out|    1|   ap_memory|                      Abuf_5|         array|
|Abuf_5_q0         |   in|   32|   ap_memory|                      Abuf_5|         array|
|Abuf_5_address1   |  out|    6|   ap_memory|                      Abuf_5|         array|
|Abuf_5_ce1        |  out|    1|   ap_memory|                      Abuf_5|         array|
|Abuf_5_q1         |   in|   32|   ap_memory|                      Abuf_5|         array|
|Abuf_6_address0   |  out|    6|   ap_memory|                      Abuf_6|         array|
|Abuf_6_ce0        |  out|    1|   ap_memory|                      Abuf_6|         array|
|Abuf_6_q0         |   in|   32|   ap_memory|                      Abuf_6|         array|
|Abuf_6_address1   |  out|    6|   ap_memory|                      Abuf_6|         array|
|Abuf_6_ce1        |  out|    1|   ap_memory|                      Abuf_6|         array|
|Abuf_6_q1         |   in|   32|   ap_memory|                      Abuf_6|         array|
|Abuf_7_address0   |  out|    6|   ap_memory|                      Abuf_7|         array|
|Abuf_7_ce0        |  out|    1|   ap_memory|                      Abuf_7|         array|
|Abuf_7_q0         |   in|   32|   ap_memory|                      Abuf_7|         array|
|Abuf_7_address1   |  out|    6|   ap_memory|                      Abuf_7|         array|
|Abuf_7_ce1        |  out|    1|   ap_memory|                      Abuf_7|         array|
|Abuf_7_q1         |   in|   32|   ap_memory|                      Abuf_7|         array|
|Abuf_8_address0   |  out|    6|   ap_memory|                      Abuf_8|         array|
|Abuf_8_ce0        |  out|    1|   ap_memory|                      Abuf_8|         array|
|Abuf_8_q0         |   in|   32|   ap_memory|                      Abuf_8|         array|
|Abuf_8_address1   |  out|    6|   ap_memory|                      Abuf_8|         array|
|Abuf_8_ce1        |  out|    1|   ap_memory|                      Abuf_8|         array|
|Abuf_8_q1         |   in|   32|   ap_memory|                      Abuf_8|         array|
|Abuf_9_address0   |  out|    6|   ap_memory|                      Abuf_9|         array|
|Abuf_9_ce0        |  out|    1|   ap_memory|                      Abuf_9|         array|
|Abuf_9_q0         |   in|   32|   ap_memory|                      Abuf_9|         array|
|Abuf_9_address1   |  out|    6|   ap_memory|                      Abuf_9|         array|
|Abuf_9_ce1        |  out|    1|   ap_memory|                      Abuf_9|         array|
|Abuf_9_q1         |   in|   32|   ap_memory|                      Abuf_9|         array|
|Abuf_10_address0  |  out|    6|   ap_memory|                     Abuf_10|         array|
|Abuf_10_ce0       |  out|    1|   ap_memory|                     Abuf_10|         array|
|Abuf_10_q0        |   in|   32|   ap_memory|                     Abuf_10|         array|
|Abuf_10_address1  |  out|    6|   ap_memory|                     Abuf_10|         array|
|Abuf_10_ce1       |  out|    1|   ap_memory|                     Abuf_10|         array|
|Abuf_10_q1        |   in|   32|   ap_memory|                     Abuf_10|         array|
|Abuf_11_address0  |  out|    6|   ap_memory|                     Abuf_11|         array|
|Abuf_11_ce0       |  out|    1|   ap_memory|                     Abuf_11|         array|
|Abuf_11_q0        |   in|   32|   ap_memory|                     Abuf_11|         array|
|Abuf_11_address1  |  out|    6|   ap_memory|                     Abuf_11|         array|
|Abuf_11_ce1       |  out|    1|   ap_memory|                     Abuf_11|         array|
|Abuf_11_q1        |   in|   32|   ap_memory|                     Abuf_11|         array|
|Abuf_12_address0  |  out|    6|   ap_memory|                     Abuf_12|         array|
|Abuf_12_ce0       |  out|    1|   ap_memory|                     Abuf_12|         array|
|Abuf_12_q0        |   in|   32|   ap_memory|                     Abuf_12|         array|
|Abuf_12_address1  |  out|    6|   ap_memory|                     Abuf_12|         array|
|Abuf_12_ce1       |  out|    1|   ap_memory|                     Abuf_12|         array|
|Abuf_12_q1        |   in|   32|   ap_memory|                     Abuf_12|         array|
|Abuf_13_address0  |  out|    6|   ap_memory|                     Abuf_13|         array|
|Abuf_13_ce0       |  out|    1|   ap_memory|                     Abuf_13|         array|
|Abuf_13_q0        |   in|   32|   ap_memory|                     Abuf_13|         array|
|Abuf_13_address1  |  out|    6|   ap_memory|                     Abuf_13|         array|
|Abuf_13_ce1       |  out|    1|   ap_memory|                     Abuf_13|         array|
|Abuf_13_q1        |   in|   32|   ap_memory|                     Abuf_13|         array|
|Abuf_14_address0  |  out|    6|   ap_memory|                     Abuf_14|         array|
|Abuf_14_ce0       |  out|    1|   ap_memory|                     Abuf_14|         array|
|Abuf_14_q0        |   in|   32|   ap_memory|                     Abuf_14|         array|
|Abuf_14_address1  |  out|    6|   ap_memory|                     Abuf_14|         array|
|Abuf_14_ce1       |  out|    1|   ap_memory|                     Abuf_14|         array|
|Abuf_14_q1        |   in|   32|   ap_memory|                     Abuf_14|         array|
|Abuf_15_address0  |  out|    6|   ap_memory|                     Abuf_15|         array|
|Abuf_15_ce0       |  out|    1|   ap_memory|                     Abuf_15|         array|
|Abuf_15_q0        |   in|   32|   ap_memory|                     Abuf_15|         array|
|Abuf_15_address1  |  out|    6|   ap_memory|                     Abuf_15|         array|
|Abuf_15_ce1       |  out|    1|   ap_memory|                     Abuf_15|         array|
|Abuf_15_q1        |   in|   32|   ap_memory|                     Abuf_15|         array|
+------------------+-----+-----+------------+----------------------------+--------------+

