

================================================================
== Vitis HLS Report for 'mmult_Pipeline_LOOPB1_LOOPB2'
================================================================
* Date:           Mon Apr 29 16:17:38 2024

* Version:        2023.2 (Build 4023990 on Oct 11 2023)
* Project:        mmult
* Solution:       sol-mmult-def (Vivado IP Flow Target)
* Product family: zynq
* Target device:  xc7z020i-clg400-1L


================================================================
== Performance Estimates
================================================================
+ Timing: 
    * Summary: 
    +--------+----------+----------+------------+
    |  Clock |  Target  | Estimated| Uncertainty|
    +--------+----------+----------+------------+
    |ap_clk  |  10.00 ns|  7.971 ns|     2.70 ns|
    +--------+----------+----------+------------+

+ Latency: 
    * Summary: 
    +---------+---------+-----------+-----------+------+------+---------+
    |  Latency (cycles) |   Latency (absolute)  |   Interval  | Pipeline|
    |   min   |   max   |    min    |    max    |  min |  max |   Type  |
    +---------+---------+-----------+-----------+------+------+---------+
    |     1035|     1035|  10.350 us|  10.350 us|  1035|  1035|       no|
    +---------+---------+-----------+-----------+------+------+---------+

    + Detail: 
        * Instance: 
        N/A

        * Loop: 
        +-----------------+---------+---------+----------+-----------+-----------+------+----------+
        |                 |  Latency (cycles) | Iteration|  Initiation Interval  | Trip |          |
        |    Loop Name    |   min   |   max   |  Latency |  achieved |   target  | Count| Pipelined|
        +-----------------+---------+---------+----------+-----------+-----------+------+----------+
        |- LOOPB1_LOOPB2  |     1033|     1033|        11|          1|          1|  1024|       yes|
        +-----------------+---------+---------+----------+-----------+-----------+------+----------+



================================================================
== Utilization Estimates
================================================================
* Summary: 
+-----------------+---------+-----+--------+-------+-----+
|       Name      | BRAM_18K| DSP |   FF   |  LUT  | URAM|
+-----------------+---------+-----+--------+-------+-----+
|DSP              |        -|    -|       -|      -|    -|
|Expression       |        -|    -|       0|    172|    -|
|FIFO             |        -|    -|       -|      -|    -|
|Instance         |        -|    -|       -|      -|    -|
|Memory           |        -|    -|       -|      -|    -|
|Multiplexer      |        -|    -|       -|     90|    -|
|Register         |        -|    -|     285|     64|    -|
+-----------------+---------+-----+--------+-------+-----+
|Total            |        0|    0|     285|    326|    0|
+-----------------+---------+-----+--------+-------+-----+
|Available        |      280|  220|  106400|  53200|    0|
+-----------------+---------+-----+--------+-------+-----+
|Utilization (%)  |        0|    0|      ~0|     ~0|    0|
+-----------------+---------+-----+--------+-------+-----+

+ Detail: 
    * Instance: 
    N/A

    * DSP: 
    N/A

    * Memory: 
    N/A

    * FIFO: 
    N/A

    * Expression: 
    +---------------------------+----------+----+---+----+------------+------------+
    |       Variable Name       | Operation| DSP| FF| LUT| Bitwidth P0| Bitwidth P1|
    +---------------------------+----------+----+---+----+------------+------------+
    |add_ln53_1_fu_301_p2       |         +|   0|  0|  14|           7|           1|
    |add_ln53_2_fu_289_p2       |         +|   0|  0|  12|          11|           1|
    |add_ln53_fu_353_p2         |         +|   0|  0|  71|          64|          64|
    |add_ln54_fu_379_p2         |         +|   0|  0|  13|           5|           1|
    |add_ln56_fu_421_p2         |         +|   0|  0|  14|           7|           7|
    |ap_block_state2_io         |       and|   0|  0|   2|           1|           1|
    |ap_condition_600           |       and|   0|  0|   2|           1|           1|
    |icmp_ln53_fu_283_p2        |      icmp|   0|  0|  12|          11|          12|
    |icmp_ln54_fu_307_p2        |      icmp|   0|  0|  14|           5|           6|
    |ap_block_pp0_stage0_11001  |        or|   0|  0|   2|           1|           1|
    |or_ln53_fu_313_p2          |        or|   0|  0|   2|           1|           1|
    |select_ln53_1_fu_327_p3    |    select|   0|  0|   7|           1|           7|
    |select_ln53_fu_319_p3      |    select|   0|  0|   5|           1|           1|
    |ap_enable_pp0              |       xor|   0|  0|   2|           1|           2|
    +---------------------------+----------+----+---+----+------------+------------+
    |Total                      |          |   0|  0| 172|         117|         106|
    +---------------------------+----------+----+---+----+------------+------------+

    * Multiplexer: 
    +-----------------------------------------+----+-----------+-----+-----------+
    |                   Name                  | LUT| Input Size| Bits| Total Bits|
    +-----------------------------------------+----+-----------+-----+-----------+
    |B_blk_n_AR                               |   9|          2|    1|          2|
    |B_blk_n_R                                |   9|          2|    1|          2|
    |ap_done_int                              |   9|          2|    1|          2|
    |ap_enable_reg_pp0_iter1                  |   9|          2|    1|          2|
    |ap_sig_allocacmp_i_load                  |   9|          2|    7|         14|
    |ap_sig_allocacmp_indvar_flatten134_load  |   9|          2|   11|         22|
    |ap_sig_allocacmp_j_load                  |   9|          2|    5|         10|
    |i_fu_118                                 |   9|          2|    7|         14|
    |indvar_flatten134_fu_122                 |   9|          2|   11|         22|
    |j_fu_114                                 |   9|          2|    5|         10|
    +-----------------------------------------+----+-----------+-----+-----------+
    |Total                                    |  90|         20|   50|        100|
    +-----------------------------------------+----+-----------+-----+-----------+

    * Register: 
    +----------------------------------+----+----+-----+-----------+
    |               Name               | FF | LUT| Bits| Const Bits|
    +----------------------------------+----+----+-----+-----------+
    |B_addr_reg_479                    |  64|   0|   64|          0|
    |ap_CS_fsm                         |   1|   0|    1|          0|
    |ap_done_reg                       |   1|   0|    1|          0|
    |ap_enable_reg_pp0_iter1           |   1|   0|    1|          0|
    |ap_enable_reg_pp0_iter10          |   1|   0|    1|          0|
    |ap_enable_reg_pp0_iter2           |   1|   0|    1|          0|
    |ap_enable_reg_pp0_iter3           |   1|   0|    1|          0|
    |ap_enable_reg_pp0_iter4           |   1|   0|    1|          0|
    |ap_enable_reg_pp0_iter5           |   1|   0|    1|          0|
    |ap_enable_reg_pp0_iter6           |   1|   0|    1|          0|
    |ap_enable_reg_pp0_iter7           |   1|   0|    1|          0|
    |ap_enable_reg_pp0_iter8           |   1|   0|    1|          0|
    |ap_enable_reg_pp0_iter9           |   1|   0|    1|          0|
    |ap_loop_exit_ready_pp0_iter1_reg  |   1|   0|    1|          0|
    |ap_loop_exit_ready_pp0_iter2_reg  |   1|   0|    1|          0|
    |ap_loop_exit_ready_pp0_iter3_reg  |   1|   0|    1|          0|
    |ap_loop_exit_ready_pp0_iter4_reg  |   1|   0|    1|          0|
    |ap_loop_exit_ready_pp0_iter5_reg  |   1|   0|    1|          0|
    |ap_loop_exit_ready_pp0_iter6_reg  |   1|   0|    1|          0|
    |ap_loop_exit_ready_pp0_iter7_reg  |   1|   0|    1|          0|
    |ap_loop_exit_ready_pp0_iter8_reg  |   1|   0|    1|          0|
    |ap_loop_exit_ready_pp0_iter9_reg  |   1|   0|    1|          0|
    |bitcast_ln56_reg_489              |  32|   0|   32|          0|
    |i_fu_118                          |   7|   0|    7|          0|
    |icmp_ln53_reg_460                 |   1|   0|    1|          0|
    |indvar_flatten134_fu_122          |  11|   0|   11|          0|
    |j_fu_114                          |   5|   0|    5|          0|
    |or_ln53_reg_464                   |   1|   0|    1|          0|
    |select_ln53_1_reg_473             |   7|   0|    7|          0|
    |select_ln53_reg_468               |   5|   0|    5|          0|
    |trunc_ln2_reg_485                 |   3|   0|    3|          0|
    |select_ln53_1_reg_473             |  64|  32|    7|          0|
    |select_ln53_reg_468               |  64|  32|    5|          0|
    +----------------------------------+----+----+-----+-----------+
    |Total                             | 285|  64|  169|          0|
    +----------------------------------+----+----+-----+-----------+



================================================================
== Interface
================================================================
* Summary: 
+------------------+-----+-----+------------+------------------------------+--------------+
|     RTL Ports    | Dir | Bits|  Protocol  |         Source Object        |    C Type    |
+------------------+-----+-----+------------+------------------------------+--------------+
|ap_clk            |   in|    1|  ap_ctrl_hs|  mmult_Pipeline_LOOPB1_LOOPB2|  return value|
|ap_rst            |   in|    1|  ap_ctrl_hs|  mmult_Pipeline_LOOPB1_LOOPB2|  return value|
|ap_start          |   in|    1|  ap_ctrl_hs|  mmult_Pipeline_LOOPB1_LOOPB2|  return value|
|ap_done           |  out|    1|  ap_ctrl_hs|  mmult_Pipeline_LOOPB1_LOOPB2|  return value|
|ap_idle           |  out|    1|  ap_ctrl_hs|  mmult_Pipeline_LOOPB1_LOOPB2|  return value|
|ap_ready          |  out|    1|  ap_ctrl_hs|  mmult_Pipeline_LOOPB1_LOOPB2|  return value|
|m_axi_B_AWVALID   |  out|    1|       m_axi|                             B|       pointer|
|m_axi_B_AWREADY   |   in|    1|       m_axi|                             B|       pointer|
|m_axi_B_AWADDR    |  out|   64|       m_axi|                             B|       pointer|
|m_axi_B_AWID      |  out|    1|       m_axi|                             B|       pointer|
|m_axi_B_AWLEN     |  out|   32|       m_axi|                             B|       pointer|
|m_axi_B_AWSIZE    |  out|    3|       m_axi|                             B|       pointer|
|m_axi_B_AWBURST   |  out|    2|       m_axi|                             B|       pointer|
|m_axi_B_AWLOCK    |  out|    2|       m_axi|                             B|       pointer|
|m_axi_B_AWCACHE   |  out|    4|       m_axi|                             B|       pointer|
|m_axi_B_AWPROT    |  out|    3|       m_axi|                             B|       pointer|
|m_axi_B_AWQOS     |  out|    4|       m_axi|                             B|       pointer|
|m_axi_B_AWREGION  |  out|    4|       m_axi|                             B|       pointer|
|m_axi_B_AWUSER    |  out|    1|       m_axi|                             B|       pointer|
|m_axi_B_WVALID    |  out|    1|       m_axi|                             B|       pointer|
|m_axi_B_WREADY    |   in|    1|       m_axi|                             B|       pointer|
|m_axi_B_WDATA     |  out|   32|       m_axi|                             B|       pointer|
|m_axi_B_WSTRB     |  out|    4|       m_axi|                             B|       pointer|
|m_axi_B_WLAST     |  out|    1|       m_axi|                             B|       pointer|
|m_axi_B_WID       |  out|    1|       m_axi|                             B|       pointer|
|m_axi_B_WUSER     |  out|    1|       m_axi|                             B|       pointer|
|m_axi_B_ARVALID   |  out|    1|       m_axi|                             B|       pointer|
|m_axi_B_ARREADY   |   in|    1|       m_axi|                             B|       pointer|
|m_axi_B_ARADDR    |  out|   64|       m_axi|                             B|       pointer|
|m_axi_B_ARID      |  out|    1|       m_axi|                             B|       pointer|
|m_axi_B_ARLEN     |  out|   32|       m_axi|                             B|       pointer|
|m_axi_B_ARSIZE    |  out|    3|       m_axi|                             B|       pointer|
|m_axi_B_ARBURST   |  out|    2|       m_axi|                             B|       pointer|
|m_axi_B_ARLOCK    |  out|    2|       m_axi|                             B|       pointer|
|m_axi_B_ARCACHE   |  out|    4|       m_axi|                             B|       pointer|
|m_axi_B_ARPROT    |  out|    3|       m_axi|                             B|       pointer|
|m_axi_B_ARQOS     |  out|    4|       m_axi|                             B|       pointer|
|m_axi_B_ARREGION  |  out|    4|       m_axi|                             B|       pointer|
|m_axi_B_ARUSER    |  out|    1|       m_axi|                             B|       pointer|
|m_axi_B_RVALID    |   in|    1|       m_axi|                             B|       pointer|
|m_axi_B_RREADY    |  out|    1|       m_axi|                             B|       pointer|
|m_axi_B_RDATA     |   in|   32|       m_axi|                             B|       pointer|
|m_axi_B_RLAST     |   in|    1|       m_axi|                             B|       pointer|
|m_axi_B_RID       |   in|    1|       m_axi|                             B|       pointer|
|m_axi_B_RFIFONUM  |   in|    9|       m_axi|                             B|       pointer|
|m_axi_B_RUSER     |   in|    1|       m_axi|                             B|       pointer|
|m_axi_B_RRESP     |   in|    2|       m_axi|                             B|       pointer|
|m_axi_B_BVALID    |   in|    1|       m_axi|                             B|       pointer|
|m_axi_B_BREADY    |  out|    1|       m_axi|                             B|       pointer|
|m_axi_B_BRESP     |   in|    2|       m_axi|                             B|       pointer|
|m_axi_B_BID       |   in|    1|       m_axi|                             B|       pointer|
|m_axi_B_BUSER     |   in|    1|       m_axi|                             B|       pointer|
|Bbuf_address0     |  out|    7|   ap_memory|                          Bbuf|         array|
|Bbuf_ce0          |  out|    1|   ap_memory|                          Bbuf|         array|
|Bbuf_we0          |  out|    1|   ap_memory|                          Bbuf|         array|
|Bbuf_d0           |  out|   32|   ap_memory|                          Bbuf|         array|
|Bbuf_1_address0   |  out|    7|   ap_memory|                        Bbuf_1|         array|
|Bbuf_1_ce0        |  out|    1|   ap_memory|                        Bbuf_1|         array|
|Bbuf_1_we0        |  out|    1|   ap_memory|                        Bbuf_1|         array|
|Bbuf_1_d0         |  out|   32|   ap_memory|                        Bbuf_1|         array|
|Bbuf_2_address0   |  out|    7|   ap_memory|                        Bbuf_2|         array|
|Bbuf_2_ce0        |  out|    1|   ap_memory|                        Bbuf_2|         array|
|Bbuf_2_we0        |  out|    1|   ap_memory|                        Bbuf_2|         array|
|Bbuf_2_d0         |  out|   32|   ap_memory|                        Bbuf_2|         array|
|Bbuf_3_address0   |  out|    7|   ap_memory|                        Bbuf_3|         array|
|Bbuf_3_ce0        |  out|    1|   ap_memory|                        Bbuf_3|         array|
|Bbuf_3_we0        |  out|    1|   ap_memory|                        Bbuf_3|         array|
|Bbuf_3_d0         |  out|   32|   ap_memory|                        Bbuf_3|         array|
|Bbuf_4_address0   |  out|    7|   ap_memory|                        Bbuf_4|         array|
|Bbuf_4_ce0        |  out|    1|   ap_memory|                        Bbuf_4|         array|
|Bbuf_4_we0        |  out|    1|   ap_memory|                        Bbuf_4|         array|
|Bbuf_4_d0         |  out|   32|   ap_memory|                        Bbuf_4|         array|
|Bbuf_5_address0   |  out|    7|   ap_memory|                        Bbuf_5|         array|
|Bbuf_5_ce0        |  out|    1|   ap_memory|                        Bbuf_5|         array|
|Bbuf_5_we0        |  out|    1|   ap_memory|                        Bbuf_5|         array|
|Bbuf_5_d0         |  out|   32|   ap_memory|                        Bbuf_5|         array|
|Bbuf_6_address0   |  out|    7|   ap_memory|                        Bbuf_6|         array|
|Bbuf_6_ce0        |  out|    1|   ap_memory|                        Bbuf_6|         array|
|Bbuf_6_we0        |  out|    1|   ap_memory|                        Bbuf_6|         array|
|Bbuf_6_d0         |  out|   32|   ap_memory|                        Bbuf_6|         array|
|Bbuf_7_address0   |  out|    7|   ap_memory|                        Bbuf_7|         array|
|Bbuf_7_ce0        |  out|    1|   ap_memory|                        Bbuf_7|         array|
|Bbuf_7_we0        |  out|    1|   ap_memory|                        Bbuf_7|         array|
|Bbuf_7_d0         |  out|   32|   ap_memory|                        Bbuf_7|         array|
|empty             |   in|    2|     ap_none|                         empty|        scalar|
|B_offset          |   in|   64|     ap_none|                      B_offset|        scalar|
+------------------+-----+-----+------------+------------------------------+--------------+

